<?xml version="1.0" encoding="UTF-8"?>
<coverage line-rate="0.345472440944882" branch-rate="0" version="2.2.2" timestamp="2017-06-22 17:45:39">
  <sources>
    <source>R/landscape_functions.R</source>
    <source>R/landscape.R</source>
    <source>R/model.R</source>
    <source>R/utility.R</source>
  </sources>
  <packages>
    <package name="cervideDS" line-rate="0.345472440944882" branch-rate="0" complexity="0">
      <classes>
        <class name="landscape_functions.R" filename="R/landscape_functions.R" line-rate="0.840490797546012" branch-rate="0" complexity="0">
          <methods>
            <method name="voronoi" signature="NA" line-rate="1" branch-rate="0">
              <lines>
                <line number="38" hits="26" branch="false"/>
                <line number="39" hits="26" branch="false"/>
                <line number="40" hits="26" branch="false"/>
                <line number="41" hits="26" branch="false"/>
                <line number="42" hits="26" branch="false"/>
                <line number="43" hits="26" branch="false"/>
                <line number="44" hits="26" branch="false"/>
                <line number="45" hits="26" branch="false"/>
                <line number="46" hits="26" branch="false"/>
                <line number="47" hits="26" branch="false"/>
                <line number="48" hits="26" branch="false"/>
                <line number="49" hits="26" branch="false"/>
                <line number="50" hits="26" branch="false"/>
              </lines>
            </method>
            <method name="as.spl" signature="NA" line-rate="1" branch-rate="0">
              <lines>
                <line number="60" hits="26" branch="false"/>
                <line number="61" hits="26" branch="false"/>
                <line number="62" hits="26" branch="false"/>
                <line number="63" hits="26" branch="false"/>
                <line number="64" hits="26" branch="false"/>
                <line number="65" hits="26" branch="false"/>
                <line number="66" hits="26" branch="false"/>
                <line number="67" hits="26" branch="false"/>
                <line number="68" hits="26" branch="false"/>
                <line number="69" hits="26" branch="false"/>
                <line number="70" hits="26" branch="false"/>
                <line number="71" hits="26" branch="false"/>
                <line number="72" hits="26" branch="false"/>
                <line number="73" hits="26" branch="false"/>
                <line number="74" hits="26" branch="false"/>
                <line number="75" hits="26" branch="false"/>
                <line number="76" hits="26" branch="false"/>
                <line number="77" hits="26" branch="false"/>
              </lines>
            </method>
            <method name="get.mid" signature="NA" line-rate="1" branch-rate="0">
              <lines>
                <line number="85" hits="13" branch="false"/>
                <line number="86" hits="13" branch="false"/>
                <line number="87" hits="13" branch="false"/>
                <line number="88" hits="13" branch="false"/>
              </lines>
            </method>
            <method name="f.gibbs.points" signature="NA" line-rate="0.848484848484849" branch-rate="0">
              <lines>
                <line number="97" hits="13" branch="false"/>
                <line number="98" hits="13" branch="false"/>
                <line number="100" hits="13" branch="false"/>
                <line number="101" hits="13" branch="false"/>
                <line number="102" hits="13" branch="false"/>
                <line number="103" hits="13" branch="false"/>
                <line number="104" hits="13" branch="false"/>
                <line number="106" hits="13" branch="false"/>
                <line number="107" hits="13" branch="false"/>
                <line number="109" hits="13" branch="false"/>
                <line number="110" hits="13" branch="false"/>
                <line number="111" hits="13" branch="false"/>
                <line number="112" hits="13" branch="false"/>
                <line number="113" hits="13" branch="false"/>
                <line number="114" hits="13" branch="false"/>
                <line number="115" hits="13" branch="false"/>
                <line number="116" hits="13" branch="false"/>
                <line number="117" hits="13" branch="false"/>
                <line number="118" hits="13" branch="false"/>
                <line number="119" hits="13" branch="false"/>
                <line number="120" hits="13" branch="false"/>
                <line number="121" hits="13" branch="false"/>
                <line number="122" hits="13" branch="false"/>
                <line number="123" hits="13" branch="false"/>
                <line number="125" hits="13" branch="false"/>
                <line number="126" hits="13" branch="false"/>
                <line number="127" hits="0" branch="false"/>
                <line number="128" hits="0" branch="false"/>
                <line number="129" hits="0" branch="false"/>
                <line number="130" hits="0" branch="false"/>
                <line number="131" hits="0" branch="false"/>
                <line number="132" hits="13" branch="false"/>
                <line number="134" hits="13" branch="false"/>
              </lines>
            </method>
            <method name="init.struct" signature="NA" line-rate="1" branch-rate="0">
              <lines>
                <line number="144" hits="13" branch="false"/>
                <line number="146" hits="13" branch="false"/>
                <line number="148" hits="13" branch="false"/>
                <line number="149" hits="13" branch="false"/>
                <line number="150" hits="13" branch="false"/>
                <line number="151" hits="13" branch="false"/>
                <line number="152" hits="13" branch="false"/>
                <line number="153" hits="13" branch="false"/>
                <line number="154" hits="13" branch="false"/>
                <line number="155" hits="13" branch="false"/>
                <line number="157" hits="13" branch="false"/>
                <line number="160" hits="13" branch="false"/>
                <line number="161" hits="13" branch="false"/>
                <line number="163" hits="13" branch="false"/>
                <line number="164" hits="13" branch="false"/>
                <line number="165" hits="13" branch="false"/>
                <line number="167" hits="13" branch="false"/>
                <line number="168" hits="13" branch="false"/>
                <line number="169" hits="13" branch="false"/>
                <line number="170" hits="13" branch="false"/>
                <line number="172" hits="13" branch="false"/>
                <line number="173" hits="13" branch="false"/>
              </lines>
            </method>
            <method name="compute.metrics" signature="NA" line-rate="1" branch-rate="0">
              <lines>
                <line number="186" hits="3900" branch="false"/>
                <line number="187" hits="3900" branch="false"/>
                <line number="188" hits="3900" branch="false"/>
                <line number="189" hits="3900" branch="false"/>
                <line number="191" hits="3900" branch="false"/>
                <line number="192" hits="3900" branch="false"/>
                <line number="193" hits="3900" branch="false"/>
                <line number="194" hits="3900" branch="false"/>
                <line number="196" hits="3900" branch="false"/>
                <line number="197" hits="3900" branch="false"/>
                <line number="198" hits="3900" branch="false"/>
                <line number="200" hits="3900" branch="false"/>
                <line number="201" hits="3900" branch="false"/>
                <line number="202" hits="3900" branch="false"/>
                <line number="205" hits="3900" branch="false"/>
                <line number="206" hits="3900" branch="false"/>
                <line number="207" hits="3900" branch="false"/>
                <line number="209" hits="3900" branch="false"/>
                <line number="210" hits="3900" branch="false"/>
                <line number="211" hits="3900" branch="false"/>
                <line number="212" hits="3900" branch="false"/>
                <line number="213" hits="3900" branch="false"/>
                <line number="216" hits="3900" branch="false"/>
                <line number="217" hits="3900" branch="false"/>
                <line number="219" hits="3900" branch="false"/>
                <line number="220" hits="3900" branch="false"/>
                <line number="221" hits="3900" branch="false"/>
                <line number="224" hits="3900" branch="false"/>
                <line number="225" hits="3900" branch="false"/>
                <line number="227" hits="3900" branch="false"/>
                <line number="228" hits="3900" branch="false"/>
                <line number="229" hits="3900" branch="false"/>
              </lines>
            </method>
            <method name="init.pop" signature="NA" line-rate="1" branch-rate="0">
              <lines>
                <line number="239" hits="13" branch="false"/>
                <line number="240" hits="13" branch="false"/>
                <line number="241" hits="13" branch="false"/>
                <line number="242" hits="13" branch="false"/>
                <line number="244" hits="13" branch="false"/>
                <line number="245" hits="13" branch="false"/>
                <line number="246" hits="13" branch="false"/>
                <line number="247" hits="13" branch="false"/>
                <line number="249" hits="13" branch="false"/>
              </lines>
            </method>
            <method name="eval.func" signature="NA" line-rate="1" branch-rate="0">
              <lines>
                <line number="254" hits="3900" branch="false"/>
                <line number="256" hits="3722" branch="false"/>
              </lines>
            </method>
            <method name="crossover.func" signature="NA" line-rate="1" branch-rate="0">
              <lines>
                <line number="261" hits="3900" branch="false"/>
                <line number="262" hits="3900" branch="false"/>
                <line number="263" hits="3900" branch="false"/>
                <line number="264" hits="3900" branch="false"/>
                <line number="265" hits="3900" branch="false"/>
                <line number="266" hits="3900" branch="false"/>
                <line number="267" hits="3900" branch="false"/>
              </lines>
            </method>
            <method name="mutate.func" signature="NA" line-rate="1" branch-rate="0">
              <lines>
                <line number="272" hits="3900" branch="false"/>
                <line number="273" hits="3900" branch="false"/>
                <line number="274" hits="3900" branch="false"/>
              </lines>
            </method>
            <method name="ls.gen.GA" signature="NA" line-rate="0.743169398907104" branch-rate="0">
              <lines>
                <line number="302" hits="13" branch="false"/>
                <line number="303" hits="13" branch="false"/>
                <line number="305" hits="13" branch="false"/>
                <line number="306" hits="0" branch="false"/>
                <line number="307" hits="13" branch="false"/>
                <line number="310" hits="13" branch="false"/>
                <line number="311" hits="13" branch="false"/>
                <line number="313" hits="13" branch="false"/>
                <line number="314" hits="13" branch="false"/>
                <line number="316" hits="13" branch="false"/>
                <line number="317" hits="13" branch="false"/>
                <line number="318" hits="13" branch="false"/>
                <line number="319" hits="13" branch="false"/>
                <line number="320" hits="13" branch="false"/>
                <line number="322" hits="13" branch="false"/>
                <line number="324" hits="13" branch="false"/>
                <line number="325" hits="13" branch="false"/>
                <line number="326" hits="13" branch="false"/>
                <line number="329" hits="13" branch="false"/>
                <line number="330" hits="13" branch="false"/>
                <line number="331" hits="13" branch="false"/>
                <line number="333" hits="13" branch="false"/>
                <line number="334" hits="13" branch="false"/>
                <line number="335" hits="13" branch="false"/>
                <line number="336" hits="13" branch="false"/>
                <line number="337" hits="13" branch="false"/>
                <line number="338" hits="13" branch="false"/>
                <line number="339" hits="13" branch="false"/>
                <line number="340" hits="13" branch="false"/>
                <line number="341" hits="13" branch="false"/>
                <line number="342" hits="13" branch="false"/>
                <line number="344" hits="13" branch="false"/>
                <line number="345" hits="13" branch="false"/>
                <line number="346" hits="13" branch="false"/>
                <line number="347" hits="13" branch="false"/>
                <line number="348" hits="13" branch="false"/>
                <line number="350" hits="13" branch="false"/>
                <line number="351" hits="13" branch="false"/>
                <line number="352" hits="13" branch="false"/>
                <line number="353" hits="13" branch="false"/>
                <line number="354" hits="13" branch="false"/>
                <line number="355" hits="13" branch="false"/>
                <line number="356" hits="13" branch="false"/>
                <line number="357" hits="13" branch="false"/>
                <line number="358" hits="13" branch="false"/>
                <line number="359" hits="13" branch="false"/>
                <line number="360" hits="13" branch="false"/>
                <line number="361" hits="13" branch="false"/>
                <line number="362" hits="13" branch="false"/>
                <line number="363" hits="13" branch="false"/>
                <line number="364" hits="13" branch="false"/>
                <line number="365" hits="13" branch="false"/>
                <line number="366" hits="13" branch="false"/>
                <line number="367" hits="13" branch="false"/>
                <line number="368" hits="13" branch="false"/>
                <line number="369" hits="13" branch="false"/>
                <line number="370" hits="13" branch="false"/>
                <line number="371" hits="13" branch="false"/>
                <line number="372" hits="13" branch="false"/>
                <line number="373" hits="0" branch="false"/>
                <line number="374" hits="0" branch="false"/>
                <line number="375" hits="13" branch="false"/>
                <line number="376" hits="13" branch="false"/>
                <line number="377" hits="13" branch="false"/>
                <line number="378" hits="13" branch="false"/>
                <line number="379" hits="13" branch="false"/>
                <line number="380" hits="13" branch="false"/>
                <line number="381" hits="13" branch="false"/>
                <line number="382" hits="13" branch="false"/>
                <line number="383" hits="13" branch="false"/>
                <line number="384" hits="13" branch="false"/>
                <line number="385" hits="13" branch="false"/>
                <line number="386" hits="13" branch="false"/>
                <line number="387" hits="13" branch="false"/>
                <line number="388" hits="13" branch="false"/>
                <line number="389" hits="0" branch="false"/>
                <line number="390" hits="13" branch="false"/>
                <line number="391" hits="13" branch="false"/>
                <line number="392" hits="13" branch="false"/>
                <line number="393" hits="13" branch="false"/>
                <line number="394" hits="13" branch="false"/>
                <line number="395" hits="13" branch="false"/>
                <line number="396" hits="13" branch="false"/>
                <line number="397" hits="13" branch="false"/>
                <line number="398" hits="13" branch="false"/>
                <line number="399" hits="13" branch="false"/>
                <line number="400" hits="13" branch="false"/>
                <line number="401" hits="0" branch="false"/>
                <line number="402" hits="13" branch="false"/>
                <line number="403" hits="13" branch="false"/>
                <line number="404" hits="13" branch="false"/>
                <line number="405" hits="13" branch="false"/>
                <line number="406" hits="13" branch="false"/>
                <line number="407" hits="13" branch="false"/>
                <line number="408" hits="13" branch="false"/>
                <line number="409" hits="13" branch="false"/>
                <line number="410" hits="13" branch="false"/>
                <line number="411" hits="13" branch="false"/>
                <line number="412" hits="13" branch="false"/>
                <line number="413" hits="13" branch="false"/>
                <line number="414" hits="13" branch="false"/>
                <line number="415" hits="13" branch="false"/>
                <line number="416" hits="13" branch="false"/>
                <line number="417" hits="13" branch="false"/>
                <line number="418" hits="13" branch="false"/>
                <line number="419" hits="13" branch="false"/>
                <line number="420" hits="13" branch="false"/>
                <line number="421" hits="0" branch="false"/>
                <line number="422" hits="13" branch="false"/>
                <line number="423" hits="13" branch="false"/>
                <line number="424" hits="13" branch="false"/>
                <line number="425" hits="13" branch="false"/>
                <line number="426" hits="13" branch="false"/>
                <line number="427" hits="13" branch="false"/>
                <line number="428" hits="13" branch="false"/>
                <line number="429" hits="13" branch="false"/>
                <line number="431" hits="13" branch="false"/>
                <line number="432" hits="13" branch="false"/>
                <line number="435" hits="13" branch="false"/>
                <line number="436" hits="13" branch="false"/>
                <line number="439" hits="13" branch="false"/>
                <line number="440" hits="13" branch="false"/>
                <line number="441" hits="13" branch="false"/>
                <line number="442" hits="13" branch="false"/>
                <line number="443" hits="13" branch="false"/>
                <line number="444" hits="13" branch="false"/>
                <line number="445" hits="13" branch="false"/>
                <line number="448" hits="13" branch="false"/>
                <line number="449" hits="0" branch="false"/>
                <line number="450" hits="0" branch="false"/>
                <line number="451" hits="0" branch="false"/>
                <line number="452" hits="0" branch="false"/>
                <line number="453" hits="0" branch="false"/>
                <line number="454" hits="0" branch="false"/>
                <line number="455" hits="0" branch="false"/>
                <line number="456" hits="0" branch="false"/>
                <line number="457" hits="0" branch="false"/>
                <line number="458" hits="13" branch="false"/>
                <line number="459" hits="0" branch="false"/>
                <line number="460" hits="13" branch="false"/>
                <line number="461" hits="0" branch="false"/>
                <line number="462" hits="0" branch="false"/>
                <line number="463" hits="0" branch="false"/>
                <line number="464" hits="0" branch="false"/>
                <line number="465" hits="0" branch="false"/>
                <line number="466" hits="0" branch="false"/>
                <line number="467" hits="0" branch="false"/>
                <line number="468" hits="13" branch="false"/>
                <line number="469" hits="0" branch="false"/>
                <line number="470" hits="0" branch="false"/>
                <line number="471" hits="0" branch="false"/>
                <line number="472" hits="13" branch="false"/>
                <line number="473" hits="0" branch="false"/>
                <line number="474" hits="0" branch="false"/>
                <line number="475" hits="0" branch="false"/>
                <line number="476" hits="0" branch="false"/>
                <line number="477" hits="0" branch="false"/>
                <line number="478" hits="13" branch="false"/>
                <line number="479" hits="0" branch="false"/>
                <line number="480" hits="0" branch="false"/>
                <line number="481" hits="13" branch="false"/>
                <line number="482" hits="0" branch="false"/>
                <line number="483" hits="0" branch="false"/>
                <line number="484" hits="0" branch="false"/>
                <line number="485" hits="0" branch="false"/>
                <line number="486" hits="0" branch="false"/>
                <line number="487" hits="0" branch="false"/>
                <line number="488" hits="0" branch="false"/>
                <line number="489" hits="0" branch="false"/>
                <line number="490" hits="13" branch="false"/>
                <line number="491" hits="0" branch="false"/>
                <line number="492" hits="0" branch="false"/>
                <line number="493" hits="0" branch="false"/>
                <line number="494" hits="0" branch="false"/>
                <line number="495" hits="0" branch="false"/>
                <line number="496" hits="0" branch="false"/>
                <line number="497" hits="13" branch="false"/>
                <line number="498" hits="13" branch="false"/>
                <line number="500" hits="13" branch="false"/>
                <line number="501" hits="13" branch="false"/>
                <line number="502" hits="13" branch="false"/>
                <line number="503" hits="13" branch="false"/>
                <line number="504" hits="13" branch="false"/>
              </lines>
            </method>
          </methods>
          <lines>
            <line number="38" hits="26" branch="false"/>
            <line number="39" hits="26" branch="false"/>
            <line number="40" hits="26" branch="false"/>
            <line number="41" hits="26" branch="false"/>
            <line number="42" hits="26" branch="false"/>
            <line number="43" hits="26" branch="false"/>
            <line number="44" hits="26" branch="false"/>
            <line number="45" hits="26" branch="false"/>
            <line number="46" hits="26" branch="false"/>
            <line number="47" hits="26" branch="false"/>
            <line number="48" hits="26" branch="false"/>
            <line number="49" hits="26" branch="false"/>
            <line number="50" hits="26" branch="false"/>
            <line number="60" hits="26" branch="false"/>
            <line number="61" hits="26" branch="false"/>
            <line number="62" hits="26" branch="false"/>
            <line number="63" hits="26" branch="false"/>
            <line number="64" hits="26" branch="false"/>
            <line number="65" hits="26" branch="false"/>
            <line number="66" hits="26" branch="false"/>
            <line number="67" hits="26" branch="false"/>
            <line number="68" hits="26" branch="false"/>
            <line number="69" hits="26" branch="false"/>
            <line number="70" hits="26" branch="false"/>
            <line number="71" hits="26" branch="false"/>
            <line number="72" hits="26" branch="false"/>
            <line number="73" hits="26" branch="false"/>
            <line number="74" hits="26" branch="false"/>
            <line number="75" hits="26" branch="false"/>
            <line number="76" hits="26" branch="false"/>
            <line number="77" hits="26" branch="false"/>
            <line number="85" hits="13" branch="false"/>
            <line number="86" hits="13" branch="false"/>
            <line number="87" hits="13" branch="false"/>
            <line number="88" hits="13" branch="false"/>
            <line number="97" hits="13" branch="false"/>
            <line number="98" hits="13" branch="false"/>
            <line number="100" hits="13" branch="false"/>
            <line number="101" hits="13" branch="false"/>
            <line number="102" hits="13" branch="false"/>
            <line number="103" hits="13" branch="false"/>
            <line number="104" hits="13" branch="false"/>
            <line number="106" hits="13" branch="false"/>
            <line number="107" hits="13" branch="false"/>
            <line number="109" hits="13" branch="false"/>
            <line number="110" hits="13" branch="false"/>
            <line number="111" hits="13" branch="false"/>
            <line number="112" hits="13" branch="false"/>
            <line number="113" hits="13" branch="false"/>
            <line number="114" hits="13" branch="false"/>
            <line number="115" hits="13" branch="false"/>
            <line number="116" hits="13" branch="false"/>
            <line number="117" hits="13" branch="false"/>
            <line number="118" hits="13" branch="false"/>
            <line number="119" hits="13" branch="false"/>
            <line number="120" hits="13" branch="false"/>
            <line number="121" hits="13" branch="false"/>
            <line number="122" hits="13" branch="false"/>
            <line number="123" hits="13" branch="false"/>
            <line number="125" hits="13" branch="false"/>
            <line number="126" hits="13" branch="false"/>
            <line number="127" hits="0" branch="false"/>
            <line number="128" hits="0" branch="false"/>
            <line number="129" hits="0" branch="false"/>
            <line number="130" hits="0" branch="false"/>
            <line number="131" hits="0" branch="false"/>
            <line number="132" hits="13" branch="false"/>
            <line number="134" hits="13" branch="false"/>
            <line number="144" hits="13" branch="false"/>
            <line number="146" hits="13" branch="false"/>
            <line number="148" hits="13" branch="false"/>
            <line number="149" hits="13" branch="false"/>
            <line number="150" hits="13" branch="false"/>
            <line number="151" hits="13" branch="false"/>
            <line number="152" hits="13" branch="false"/>
            <line number="153" hits="13" branch="false"/>
            <line number="154" hits="13" branch="false"/>
            <line number="155" hits="13" branch="false"/>
            <line number="157" hits="13" branch="false"/>
            <line number="160" hits="13" branch="false"/>
            <line number="161" hits="13" branch="false"/>
            <line number="163" hits="13" branch="false"/>
            <line number="164" hits="13" branch="false"/>
            <line number="165" hits="13" branch="false"/>
            <line number="167" hits="13" branch="false"/>
            <line number="168" hits="13" branch="false"/>
            <line number="169" hits="13" branch="false"/>
            <line number="170" hits="13" branch="false"/>
            <line number="172" hits="13" branch="false"/>
            <line number="173" hits="13" branch="false"/>
            <line number="186" hits="3900" branch="false"/>
            <line number="187" hits="3900" branch="false"/>
            <line number="188" hits="3900" branch="false"/>
            <line number="189" hits="3900" branch="false"/>
            <line number="191" hits="3900" branch="false"/>
            <line number="192" hits="3900" branch="false"/>
            <line number="193" hits="3900" branch="false"/>
            <line number="194" hits="3900" branch="false"/>
            <line number="196" hits="3900" branch="false"/>
            <line number="197" hits="3900" branch="false"/>
            <line number="198" hits="3900" branch="false"/>
            <line number="200" hits="3900" branch="false"/>
            <line number="201" hits="3900" branch="false"/>
            <line number="202" hits="3900" branch="false"/>
            <line number="205" hits="3900" branch="false"/>
            <line number="206" hits="3900" branch="false"/>
            <line number="207" hits="3900" branch="false"/>
            <line number="209" hits="3900" branch="false"/>
            <line number="210" hits="3900" branch="false"/>
            <line number="211" hits="3900" branch="false"/>
            <line number="212" hits="3900" branch="false"/>
            <line number="213" hits="3900" branch="false"/>
            <line number="216" hits="3900" branch="false"/>
            <line number="217" hits="3900" branch="false"/>
            <line number="219" hits="3900" branch="false"/>
            <line number="220" hits="3900" branch="false"/>
            <line number="221" hits="3900" branch="false"/>
            <line number="224" hits="3900" branch="false"/>
            <line number="225" hits="3900" branch="false"/>
            <line number="227" hits="3900" branch="false"/>
            <line number="228" hits="3900" branch="false"/>
            <line number="229" hits="3900" branch="false"/>
            <line number="239" hits="13" branch="false"/>
            <line number="240" hits="13" branch="false"/>
            <line number="241" hits="13" branch="false"/>
            <line number="242" hits="13" branch="false"/>
            <line number="244" hits="13" branch="false"/>
            <line number="245" hits="13" branch="false"/>
            <line number="246" hits="13" branch="false"/>
            <line number="247" hits="13" branch="false"/>
            <line number="249" hits="13" branch="false"/>
            <line number="254" hits="3900" branch="false"/>
            <line number="256" hits="3722" branch="false"/>
            <line number="261" hits="3900" branch="false"/>
            <line number="262" hits="3900" branch="false"/>
            <line number="263" hits="3900" branch="false"/>
            <line number="264" hits="3900" branch="false"/>
            <line number="265" hits="3900" branch="false"/>
            <line number="266" hits="3900" branch="false"/>
            <line number="267" hits="3900" branch="false"/>
            <line number="272" hits="3900" branch="false"/>
            <line number="273" hits="3900" branch="false"/>
            <line number="274" hits="3900" branch="false"/>
            <line number="302" hits="13" branch="false"/>
            <line number="303" hits="13" branch="false"/>
            <line number="305" hits="13" branch="false"/>
            <line number="306" hits="0" branch="false"/>
            <line number="307" hits="13" branch="false"/>
            <line number="310" hits="13" branch="false"/>
            <line number="311" hits="13" branch="false"/>
            <line number="313" hits="13" branch="false"/>
            <line number="314" hits="13" branch="false"/>
            <line number="316" hits="13" branch="false"/>
            <line number="317" hits="13" branch="false"/>
            <line number="318" hits="13" branch="false"/>
            <line number="319" hits="13" branch="false"/>
            <line number="320" hits="13" branch="false"/>
            <line number="322" hits="13" branch="false"/>
            <line number="324" hits="13" branch="false"/>
            <line number="325" hits="13" branch="false"/>
            <line number="326" hits="13" branch="false"/>
            <line number="329" hits="13" branch="false"/>
            <line number="330" hits="13" branch="false"/>
            <line number="331" hits="13" branch="false"/>
            <line number="333" hits="13" branch="false"/>
            <line number="334" hits="13" branch="false"/>
            <line number="335" hits="13" branch="false"/>
            <line number="336" hits="13" branch="false"/>
            <line number="337" hits="13" branch="false"/>
            <line number="338" hits="13" branch="false"/>
            <line number="339" hits="13" branch="false"/>
            <line number="340" hits="13" branch="false"/>
            <line number="341" hits="13" branch="false"/>
            <line number="342" hits="13" branch="false"/>
            <line number="344" hits="13" branch="false"/>
            <line number="345" hits="13" branch="false"/>
            <line number="346" hits="13" branch="false"/>
            <line number="347" hits="13" branch="false"/>
            <line number="348" hits="13" branch="false"/>
            <line number="350" hits="13" branch="false"/>
            <line number="351" hits="13" branch="false"/>
            <line number="352" hits="13" branch="false"/>
            <line number="353" hits="13" branch="false"/>
            <line number="354" hits="13" branch="false"/>
            <line number="355" hits="13" branch="false"/>
            <line number="356" hits="13" branch="false"/>
            <line number="357" hits="13" branch="false"/>
            <line number="358" hits="13" branch="false"/>
            <line number="359" hits="13" branch="false"/>
            <line number="360" hits="13" branch="false"/>
            <line number="361" hits="13" branch="false"/>
            <line number="362" hits="13" branch="false"/>
            <line number="363" hits="13" branch="false"/>
            <line number="364" hits="13" branch="false"/>
            <line number="365" hits="13" branch="false"/>
            <line number="366" hits="13" branch="false"/>
            <line number="367" hits="13" branch="false"/>
            <line number="368" hits="13" branch="false"/>
            <line number="369" hits="13" branch="false"/>
            <line number="370" hits="13" branch="false"/>
            <line number="371" hits="13" branch="false"/>
            <line number="372" hits="13" branch="false"/>
            <line number="373" hits="0" branch="false"/>
            <line number="374" hits="0" branch="false"/>
            <line number="375" hits="13" branch="false"/>
            <line number="376" hits="13" branch="false"/>
            <line number="377" hits="13" branch="false"/>
            <line number="378" hits="13" branch="false"/>
            <line number="379" hits="13" branch="false"/>
            <line number="380" hits="13" branch="false"/>
            <line number="381" hits="13" branch="false"/>
            <line number="382" hits="13" branch="false"/>
            <line number="383" hits="13" branch="false"/>
            <line number="384" hits="13" branch="false"/>
            <line number="385" hits="13" branch="false"/>
            <line number="386" hits="13" branch="false"/>
            <line number="387" hits="13" branch="false"/>
            <line number="388" hits="13" branch="false"/>
            <line number="389" hits="0" branch="false"/>
            <line number="390" hits="13" branch="false"/>
            <line number="391" hits="13" branch="false"/>
            <line number="392" hits="13" branch="false"/>
            <line number="393" hits="13" branch="false"/>
            <line number="394" hits="13" branch="false"/>
            <line number="395" hits="13" branch="false"/>
            <line number="396" hits="13" branch="false"/>
            <line number="397" hits="13" branch="false"/>
            <line number="398" hits="13" branch="false"/>
            <line number="399" hits="13" branch="false"/>
            <line number="400" hits="13" branch="false"/>
            <line number="401" hits="0" branch="false"/>
            <line number="402" hits="13" branch="false"/>
            <line number="403" hits="13" branch="false"/>
            <line number="404" hits="13" branch="false"/>
            <line number="405" hits="13" branch="false"/>
            <line number="406" hits="13" branch="false"/>
            <line number="407" hits="13" branch="false"/>
            <line number="408" hits="13" branch="false"/>
            <line number="409" hits="13" branch="false"/>
            <line number="410" hits="13" branch="false"/>
            <line number="411" hits="13" branch="false"/>
            <line number="412" hits="13" branch="false"/>
            <line number="413" hits="13" branch="false"/>
            <line number="414" hits="13" branch="false"/>
            <line number="415" hits="13" branch="false"/>
            <line number="416" hits="13" branch="false"/>
            <line number="417" hits="13" branch="false"/>
            <line number="418" hits="13" branch="false"/>
            <line number="419" hits="13" branch="false"/>
            <line number="420" hits="13" branch="false"/>
            <line number="421" hits="0" branch="false"/>
            <line number="422" hits="13" branch="false"/>
            <line number="423" hits="13" branch="false"/>
            <line number="424" hits="13" branch="false"/>
            <line number="425" hits="13" branch="false"/>
            <line number="426" hits="13" branch="false"/>
            <line number="427" hits="13" branch="false"/>
            <line number="428" hits="13" branch="false"/>
            <line number="429" hits="13" branch="false"/>
            <line number="431" hits="13" branch="false"/>
            <line number="432" hits="13" branch="false"/>
            <line number="435" hits="13" branch="false"/>
            <line number="436" hits="13" branch="false"/>
            <line number="439" hits="13" branch="false"/>
            <line number="440" hits="13" branch="false"/>
            <line number="441" hits="13" branch="false"/>
            <line number="442" hits="13" branch="false"/>
            <line number="443" hits="13" branch="false"/>
            <line number="444" hits="13" branch="false"/>
            <line number="445" hits="13" branch="false"/>
            <line number="448" hits="13" branch="false"/>
            <line number="449" hits="0" branch="false"/>
            <line number="450" hits="0" branch="false"/>
            <line number="451" hits="0" branch="false"/>
            <line number="452" hits="0" branch="false"/>
            <line number="453" hits="0" branch="false"/>
            <line number="454" hits="0" branch="false"/>
            <line number="455" hits="0" branch="false"/>
            <line number="456" hits="0" branch="false"/>
            <line number="457" hits="0" branch="false"/>
            <line number="458" hits="13" branch="false"/>
            <line number="459" hits="0" branch="false"/>
            <line number="460" hits="13" branch="false"/>
            <line number="461" hits="0" branch="false"/>
            <line number="462" hits="0" branch="false"/>
            <line number="463" hits="0" branch="false"/>
            <line number="464" hits="0" branch="false"/>
            <line number="465" hits="0" branch="false"/>
            <line number="466" hits="0" branch="false"/>
            <line number="467" hits="0" branch="false"/>
            <line number="468" hits="13" branch="false"/>
            <line number="469" hits="0" branch="false"/>
            <line number="470" hits="0" branch="false"/>
            <line number="471" hits="0" branch="false"/>
            <line number="472" hits="13" branch="false"/>
            <line number="473" hits="0" branch="false"/>
            <line number="474" hits="0" branch="false"/>
            <line number="475" hits="0" branch="false"/>
            <line number="476" hits="0" branch="false"/>
            <line number="477" hits="0" branch="false"/>
            <line number="478" hits="13" branch="false"/>
            <line number="479" hits="0" branch="false"/>
            <line number="480" hits="0" branch="false"/>
            <line number="481" hits="13" branch="false"/>
            <line number="482" hits="0" branch="false"/>
            <line number="483" hits="0" branch="false"/>
            <line number="484" hits="0" branch="false"/>
            <line number="485" hits="0" branch="false"/>
            <line number="486" hits="0" branch="false"/>
            <line number="487" hits="0" branch="false"/>
            <line number="488" hits="0" branch="false"/>
            <line number="489" hits="0" branch="false"/>
            <line number="490" hits="13" branch="false"/>
            <line number="491" hits="0" branch="false"/>
            <line number="492" hits="0" branch="false"/>
            <line number="493" hits="0" branch="false"/>
            <line number="494" hits="0" branch="false"/>
            <line number="495" hits="0" branch="false"/>
            <line number="496" hits="0" branch="false"/>
            <line number="497" hits="13" branch="false"/>
            <line number="498" hits="13" branch="false"/>
            <line number="500" hits="13" branch="false"/>
            <line number="501" hits="13" branch="false"/>
            <line number="502" hits="13" branch="false"/>
            <line number="503" hits="13" branch="false"/>
            <line number="504" hits="13" branch="false"/>
          </lines>
        </class>
        <class name="landscape.R" filename="R/landscape.R" line-rate="0.168734491315136" branch-rate="0" complexity="0">
          <methods>
            <method name="gen_land" signature="NA" line-rate="1" branch-rate="0">
              <lines>
                <line number="23" hits="13" branch="false"/>
                <line number="24" hits="13" branch="false"/>
                <line number="26" hits="13" branch="false"/>
                <line number="29" hits="13" branch="false"/>
                <line number="32" hits="13" branch="false"/>
                <line number="33" hits="13" branch="false"/>
                <line number="34" hits="13" branch="false"/>
                <line number="35" hits="13" branch="false"/>
                <line number="36" hits="13" branch="false"/>
                <line number="37" hits="13" branch="false"/>
                <line number="40" hits="13" branch="false"/>
                <line number="41" hits="13" branch="false"/>
                <line number="42" hits="13" branch="false"/>
                <line number="43" hits="13" branch="false"/>
                <line number="44" hits="13" branch="false"/>
                <line number="45" hits="13" branch="false"/>
                <line number="50" hits="13" branch="false"/>
                <line number="51" hits="13" branch="false"/>
                <line number="52" hits="13" branch="false"/>
                <line number="53" hits="13" branch="false"/>
                <line number="54" hits="13" branch="false"/>
                <line number="55" hits="13" branch="false"/>
                <line number="56" hits="13" branch="false"/>
                <line number="57" hits="13" branch="false"/>
                <line number="58" hits="13" branch="false"/>
                <line number="59" hits="13" branch="false"/>
                <line number="60" hits="13" branch="false"/>
                <line number="61" hits="13" branch="false"/>
                <line number="64" hits="13" branch="false"/>
                <line number="65" hits="13" branch="false"/>
                <line number="66" hits="13" branch="false"/>
                <line number="67" hits="13" branch="false"/>
                <line number="68" hits="13" branch="false"/>
                <line number="69" hits="13" branch="false"/>
                <line number="70" hits="13" branch="false"/>
                <line number="71" hits="13" branch="false"/>
                <line number="72" hits="13" branch="false"/>
                <line number="74" hits="13" branch="false"/>
                <line number="78" hits="13" branch="false"/>
              </lines>
            </method>
            <method name="getIdsSpatialPolygons" signature="NA" line-rate="1" branch-rate="0">
              <lines>
                <line number="89" hits="32" branch="false"/>
                <line number="90" hits="32" branch="false"/>
              </lines>
            </method>
            <method name="affect_type" signature="NA" line-rate="1" branch-rate="0">
              <lines>
                <line number="104" hits="3" branch="false"/>
                <line number="106" hits="3" branch="false"/>
                <line number="108" hits="3" branch="false"/>
                <line number="110" hits="3" branch="false"/>
              </lines>
            </method>
            <method name="get_neighbours" signature="NA" line-rate="1" branch-rate="0">
              <lines>
                <line number="117" hits="5" branch="false"/>
                <line number="118" hits="5" branch="false"/>
              </lines>
            </method>
            <method name="getCoordsSpatialPolygons" signature="NA" line-rate="1" branch-rate="0">
              <lines>
                <line number="132" hits="18" branch="false"/>
                <line number="134" hits="18" branch="false"/>
                <line number="136" hits="18" branch="false"/>
                <line number="138" hits="18" branch="false"/>
                <line number="139" hits="18" branch="false"/>
                <line number="140" hits="18" branch="false"/>
                <line number="141" hits="18" branch="false"/>
                <line number="142" hits="18" branch="false"/>
                <line number="143" hits="18" branch="false"/>
                <line number="145" hits="18" branch="false"/>
              </lines>
            </method>
            <method name="commun_coords" signature="NA" line-rate="1" branch-rate="0">
              <lines>
                <line number="159" hits="4" branch="false"/>
                <line number="160" hits="4" branch="false"/>
                <line number="161" hits="4" branch="false"/>
                <line number="164" hits="4" branch="false"/>
                <line number="167" hits="4" branch="false"/>
                <line number="170" hits="4" branch="false"/>
                <line number="173" hits="4" branch="false"/>
                <line number="174" hits="4" branch="false"/>
                <line number="175" hits="1" branch="false"/>
                <line number="176" hits="4" branch="false"/>
                <line number="178" hits="4" branch="false"/>
              </lines>
            </method>
            <method name="initialize" signature="NA" line-rate="0" branch-rate="0">
              <lines>
                <line number="199" hits="0" branch="false"/>
                <line number="200" hits="0" branch="false"/>
                <line number="201" hits="0" branch="false"/>
                <line number="204" hits="0" branch="false"/>
                <line number="206" hits="0" branch="false"/>
                <line number="324" hits="0" branch="false"/>
                <line number="535" hits="0" branch="false"/>
                <line number="536" hits="0" branch="false"/>
                <line number="537" hits="0" branch="false"/>
                <line number="538" hits="0" branch="false"/>
                <line number="539" hits="0" branch="false"/>
                <line number="540" hits="0" branch="false"/>
                <line number="79" hits="0" branch="false"/>
                <line number="80" hits="0" branch="false"/>
                <line number="81" hits="0" branch="false"/>
                <line number="155" hits="0" branch="false"/>
                <line number="156" hits="0" branch="false"/>
                <line number="157" hits="0" branch="false"/>
                <line number="158" hits="0" branch="false"/>
                <line number="159" hits="0" branch="false"/>
                <line number="160" hits="0" branch="false"/>
                <line number="371" hits="0" branch="false"/>
                <line number="372" hits="0" branch="false"/>
                <line number="373" hits="0" branch="false"/>
                <line number="374" hits="0" branch="false"/>
              </lines>
            </method>
            <method name="get_id" signature="NA" line-rate="0" branch-rate="0">
              <lines>
                <line number="213" hits="0" branch="false"/>
                <line number="89" hits="0" branch="false"/>
                <line number="167" hits="0" branch="false"/>
              </lines>
            </method>
            <method name="get_potential" signature="NA" line-rate="0" branch-rate="0">
              <lines>
                <line number="220" hits="0" branch="false"/>
              </lines>
            </method>
            <method name="get_dx" signature="NA" line-rate="0" branch-rate="0">
              <lines>
                <line number="227" hits="0" branch="false"/>
              </lines>
            </method>
            <method name="get_dy" signature="NA" line-rate="0" branch-rate="0">
              <lines>
                <line number="234" hits="0" branch="false"/>
              </lines>
            </method>
            <method name="set_id" signature="NA" line-rate="0" branch-rate="0">
              <lines>
                <line number="241" hits="0" branch="false"/>
                <line number="110" hits="0" branch="false"/>
                <line number="111" hits="0" branch="false"/>
                <line number="112" hits="0" branch="false"/>
                <line number="113" hits="0" branch="false"/>
                <line number="252" hits="0" branch="false"/>
                <line number="253" hits="0" branch="false"/>
                <line number="254" hits="0" branch="false"/>
                <line number="255" hits="0" branch="false"/>
              </lines>
            </method>
            <method name="set_potential" signature="NA" line-rate="0" branch-rate="0">
              <lines>
                <line number="254" hits="0" branch="false"/>
                <line number="255" hits="0" branch="false"/>
                <line number="256" hits="0" branch="false"/>
                <line number="257" hits="0" branch="false"/>
                <line number="258" hits="0" branch="false"/>
                <line number="259" hits="0" branch="false"/>
                <line number="260" hits="0" branch="false"/>
                <line number="261" hits="0" branch="false"/>
                <line number="262" hits="0" branch="false"/>
                <line number="263" hits="0" branch="false"/>
                <line number="264" hits="0" branch="false"/>
                <line number="265" hits="0" branch="false"/>
                <line number="266" hits="0" branch="false"/>
                <line number="267" hits="0" branch="false"/>
                <line number="268" hits="0" branch="false"/>
                <line number="269" hits="0" branch="false"/>
                <line number="270" hits="0" branch="false"/>
                <line number="273" hits="0" branch="false"/>
                <line number="274" hits="0" branch="false"/>
                <line number="275" hits="0" branch="false"/>
                <line number="276" hits="0" branch="false"/>
                <line number="277" hits="0" branch="false"/>
                <line number="280" hits="0" branch="false"/>
                <line number="281" hits="0" branch="false"/>
                <line number="282" hits="0" branch="false"/>
                <line number="283" hits="0" branch="false"/>
                <line number="284" hits="0" branch="false"/>
                <line number="287" hits="0" branch="false"/>
                <line number="288" hits="0" branch="false"/>
                <line number="289" hits="0" branch="false"/>
                <line number="290" hits="0" branch="false"/>
                <line number="291" hits="0" branch="false"/>
                <line number="293" hits="0" branch="false"/>
                <line number="411" hits="0" branch="false"/>
                <line number="413" hits="0" branch="false"/>
                <line number="414" hits="0" branch="false"/>
                <line number="415" hits="0" branch="false"/>
                <line number="416" hits="0" branch="false"/>
                <line number="417" hits="0" branch="false"/>
                <line number="418" hits="0" branch="false"/>
                <line number="419" hits="0" branch="false"/>
                <line number="420" hits="0" branch="false"/>
                <line number="421" hits="0" branch="false"/>
                <line number="422" hits="0" branch="false"/>
                <line number="423" hits="0" branch="false"/>
                <line number="424" hits="0" branch="false"/>
                <line number="425" hits="0" branch="false"/>
                <line number="426" hits="0" branch="false"/>
                <line number="427" hits="0" branch="false"/>
                <line number="428" hits="0" branch="false"/>
                <line number="429" hits="0" branch="false"/>
                <line number="430" hits="0" branch="false"/>
                <line number="431" hits="0" branch="false"/>
                <line number="432" hits="0" branch="false"/>
                <line number="433" hits="0" branch="false"/>
                <line number="434" hits="0" branch="false"/>
              </lines>
            </method>
            <method name="dx" signature="NA" line-rate="0" branch-rate="0">
              <lines>
                <line number="301" hits="0" branch="false"/>
              </lines>
            </method>
            <method name="dy" signature="NA" line-rate="0" branch-rate="0">
              <lines>
                <line number="304" hits="0" branch="false"/>
              </lines>
            </method>
            <method name="is_PotentialPolygon" signature="NA" line-rate="0" branch-rate="0">
              <lines>
                <line number="312" hits="0" branch="false"/>
              </lines>
            </method>
            <method name="get_potentialpolygon" signature="NA" line-rate="0" branch-rate="0">
              <lines>
                <line number="334" hits="0" branch="false"/>
                <line number="336" hits="0" branch="false"/>
                <line number="337" hits="0" branch="false"/>
                <line number="338" hits="0" branch="false"/>
                <line number="339" hits="0" branch="false"/>
                <line number="341" hits="0" branch="false"/>
              </lines>
            </method>
            <method name="get_ids" signature="NA" line-rate="0" branch-rate="0">
              <lines>
                <line number="348" hits="0" branch="false"/>
              </lines>
            </method>
            <method name="get_potentials" signature="NA" line-rate="0" branch-rate="0">
              <lines>
                <line number="359" hits="0" branch="false"/>
              </lines>
            </method>
            <method name="get_dxs" signature="NA" line-rate="0" branch-rate="0">
              <lines>
                <line number="370" hits="0" branch="false"/>
              </lines>
            </method>
            <method name="get_dys" signature="NA" line-rate="0" branch-rate="0">
              <lines>
                <line number="381" hits="0" branch="false"/>
              </lines>
            </method>
            <method name="set_potentialpolygons" signature="NA" line-rate="0" branch-rate="0">
              <lines>
                <line number="390" hits="0" branch="false"/>
                <line number="391" hits="0" branch="false"/>
                <line number="392" hits="0" branch="false"/>
                <line number="393" hits="0" branch="false"/>
                <line number="394" hits="0" branch="false"/>
                <line number="396" hits="0" branch="false"/>
              </lines>
            </method>
            <method name="get_potential_" signature="NA" line-rate="0" branch-rate="0">
              <lines>
                <line number="448" hits="0" branch="false"/>
                <line number="450" hits="0" branch="false"/>
                <line number="451" hits="0" branch="false"/>
                <line number="453" hits="0" branch="false"/>
                <line number="454" hits="0" branch="false"/>
                <line number="455" hits="0" branch="false"/>
                <line number="456" hits="0" branch="false"/>
                <line number="457" hits="0" branch="false"/>
              </lines>
            </method>
            <method name="get_potentials_" signature="NA" line-rate="0" branch-rate="0">
              <lines>
                <line number="471" hits="0" branch="false"/>
                <line number="472" hits="0" branch="false"/>
                <line number="473" hits="0" branch="false"/>
                <line number="474" hits="0" branch="false"/>
                <line number="475" hits="0" branch="false"/>
                <line number="477" hits="0" branch="false"/>
                <line number="479" hits="0" branch="false"/>
                <line number="480" hits="0" branch="false"/>
                <line number="481" hits="0" branch="false"/>
                <line number="482" hits="0" branch="false"/>
                <line number="483" hits="0" branch="false"/>
                <line number="485" hits="0" branch="false"/>
              </lines>
            </method>
            <method name="set_potentialpolygon" signature="NA" line-rate="0" branch-rate="0">
              <lines>
                <line number="493" hits="0" branch="false"/>
                <line number="494" hits="0" branch="false"/>
                <line number="495" hits="0" branch="false"/>
                <line number="496" hits="0" branch="false"/>
                <line number="498" hits="0" branch="false"/>
                <line number="501" hits="0" branch="false"/>
                <line number="502" hits="0" branch="false"/>
                <line number="503" hits="0" branch="false"/>
                <line number="504" hits="0" branch="false"/>
                <line number="505" hits="0" branch="false"/>
                <line number="506" hits="0" branch="false"/>
                <line number="507" hits="0" branch="false"/>
                <line number="508" hits="0" branch="false"/>
                <line number="509" hits="0" branch="false"/>
                <line number="510" hits="0" branch="false"/>
                <line number="511" hits="0" branch="false"/>
              </lines>
            </method>
            <method name="is_PotentialPolygons" signature="NA" line-rate="0" branch-rate="0">
              <lines>
                <line number="519" hits="0" branch="false"/>
              </lines>
            </method>
            <method name="get_landscape" signature="NA" line-rate="0" branch-rate="0">
              <lines>
                <line number="547" hits="0" branch="false"/>
              </lines>
            </method>
            <method name="get_interaction_model" signature="NA" line-rate="0" branch-rate="0">
              <lines>
                <line number="554" hits="0" branch="false"/>
              </lines>
            </method>
            <method name="get_neighbours_id" signature="NA" line-rate="0" branch-rate="0">
              <lines>
                <line number="564" hits="0" branch="false"/>
                <line number="566" hits="0" branch="false"/>
                <line number="567" hits="0" branch="false"/>
                <line number="568" hits="0" branch="false"/>
                <line number="569" hits="0" branch="false"/>
                <line number="570" hits="0" branch="false"/>
                <line number="571" hits="0" branch="false"/>
                <line number="572" hits="0" branch="false"/>
                <line number="573" hits="0" branch="false"/>
              </lines>
            </method>
            <method name="get_potential_coord" signature="NA" line-rate="0" branch-rate="0">
              <lines>
                <line number="584" hits="0" branch="false"/>
                <line number="586" hits="0" branch="false"/>
                <line number="587" hits="0" branch="false"/>
                <line number="588" hits="0" branch="false"/>
                <line number="589" hits="0" branch="false"/>
                <line number="591" hits="0" branch="false"/>
                <line number="592" hits="0" branch="false"/>
                <line number="593" hits="0" branch="false"/>
                <line number="594" hits="0" branch="false"/>
                <line number="595" hits="0" branch="false"/>
                <line number="597" hits="0" branch="false"/>
              </lines>
            </method>
            <method name="get_dx_coord" signature="NA" line-rate="0" branch-rate="0">
              <lines>
                <line number="608" hits="0" branch="false"/>
                <line number="610" hits="0" branch="false"/>
                <line number="611" hits="0" branch="false"/>
                <line number="612" hits="0" branch="false"/>
                <line number="613" hits="0" branch="false"/>
                <line number="615" hits="0" branch="false"/>
                <line number="616" hits="0" branch="false"/>
                <line number="617" hits="0" branch="false"/>
                <line number="618" hits="0" branch="false"/>
                <line number="619" hits="0" branch="false"/>
                <line number="621" hits="0" branch="false"/>
              </lines>
            </method>
            <method name="get_dy_coord" signature="NA" line-rate="0" branch-rate="0">
              <lines>
                <line number="632" hits="0" branch="false"/>
                <line number="634" hits="0" branch="false"/>
                <line number="635" hits="0" branch="false"/>
                <line number="636" hits="0" branch="false"/>
                <line number="637" hits="0" branch="false"/>
                <line number="639" hits="0" branch="false"/>
                <line number="640" hits="0" branch="false"/>
                <line number="641" hits="0" branch="false"/>
                <line number="642" hits="0" branch="false"/>
                <line number="643" hits="0" branch="false"/>
                <line number="645" hits="0" branch="false"/>
              </lines>
            </method>
            <method name="set_landscape" signature="NA" line-rate="0" branch-rate="0">
              <lines>
                <line number="654" hits="0" branch="false"/>
                <line number="655" hits="0" branch="false"/>
                <line number="656" hits="0" branch="false"/>
              </lines>
            </method>
            <method name="set_interaction_model" signature="NA" line-rate="0" branch-rate="0">
              <lines>
                <line number="662" hits="0" branch="false"/>
                <line number="663" hits="0" branch="false"/>
                <line number="664" hits="0" branch="false"/>
                <line number="665" hits="0" branch="false"/>
                <line number="666" hits="0" branch="false"/>
                <line number="667" hits="0" branch="false"/>
                <line number="668" hits="0" branch="false"/>
                <line number="669" hits="0" branch="false"/>
                <line number="670" hits="0" branch="false"/>
                <line number="671" hits="0" branch="false"/>
              </lines>
            </method>
            <method name="plot_potential" signature="NA" line-rate="0" branch-rate="0">
              <lines>
                <line number="680" hits="0" branch="false"/>
                <line number="681" hits="0" branch="false"/>
                <line number="682" hits="0" branch="false"/>
                <line number="683" hits="0" branch="false"/>
                <line number="684" hits="0" branch="false"/>
                <line number="685" hits="0" branch="false"/>
                <line number="686" hits="0" branch="false"/>
                <line number="687" hits="0" branch="false"/>
                <line number="688" hits="0" branch="false"/>
                <line number="689" hits="0" branch="false"/>
                <line number="690" hits="0" branch="false"/>
                <line number="691" hits="0" branch="false"/>
                <line number="692" hits="0" branch="false"/>
                <line number="693" hits="0" branch="false"/>
                <line number="694" hits="0" branch="false"/>
                <line number="696" hits="0" branch="false"/>
                <line number="699" hits="0" branch="false"/>
                <line number="700" hits="0" branch="false"/>
                <line number="701" hits="0" branch="false"/>
                <line number="702" hits="0" branch="false"/>
                <line number="703" hits="0" branch="false"/>
              </lines>
            </method>
            <method name="calculate_potential" signature="NA" line-rate="0" branch-rate="0">
              <lines>
                <line number="713" hits="0" branch="false"/>
                <line number="714" hits="0" branch="false"/>
                <line number="715" hits="0" branch="false"/>
                <line number="716" hits="0" branch="false"/>
                <line number="717" hits="0" branch="false"/>
                <line number="718" hits="0" branch="false"/>
                <line number="719" hits="0" branch="false"/>
                <line number="720" hits="0" branch="false"/>
                <line number="721" hits="0" branch="false"/>
                <line number="722" hits="0" branch="false"/>
                <line number="723" hits="0" branch="false"/>
                <line number="724" hits="0" branch="false"/>
                <line number="725" hits="0" branch="false"/>
                <line number="726" hits="0" branch="false"/>
                <line number="727" hits="0" branch="false"/>
                <line number="728" hits="0" branch="false"/>
                <line number="729" hits="0" branch="false"/>
                <line number="730" hits="0" branch="false"/>
                <line number="731" hits="0" branch="false"/>
                <line number="732" hits="0" branch="false"/>
                <line number="733" hits="0" branch="false"/>
                <line number="734" hits="0" branch="false"/>
                <line number="735" hits="0" branch="false"/>
                <line number="736" hits="0" branch="false"/>
                <line number="737" hits="0" branch="false"/>
                <line number="738" hits="0" branch="false"/>
                <line number="739" hits="0" branch="false"/>
                <line number="740" hits="0" branch="false"/>
                <line number="741" hits="0" branch="false"/>
                <line number="742" hits="0" branch="false"/>
                <line number="743" hits="0" branch="false"/>
                <line number="744" hits="0" branch="false"/>
                <line number="745" hits="0" branch="false"/>
                <line number="746" hits="0" branch="false"/>
                <line number="747" hits="0" branch="false"/>
                <line number="748" hits="0" branch="false"/>
                <line number="749" hits="0" branch="false"/>
                <line number="750" hits="0" branch="false"/>
                <line number="751" hits="0" branch="false"/>
                <line number="752" hits="0" branch="false"/>
                <line number="753" hits="0" branch="false"/>
                <line number="754" hits="0" branch="false"/>
                <line number="755" hits="0" branch="false"/>
                <line number="756" hits="0" branch="false"/>
                <line number="757" hits="0" branch="false"/>
                <line number="758" hits="0" branch="false"/>
                <line number="759" hits="0" branch="false"/>
                <line number="760" hits="0" branch="false"/>
                <line number="761" hits="0" branch="false"/>
                <line number="762" hits="0" branch="false"/>
                <line number="763" hits="0" branch="false"/>
                <line number="764" hits="0" branch="false"/>
                <line number="765" hits="0" branch="false"/>
                <line number="766" hits="0" branch="false"/>
                <line number="767" hits="0" branch="false"/>
                <line number="768" hits="0" branch="false"/>
                <line number="769" hits="0" branch="false"/>
                <line number="770" hits="0" branch="false"/>
                <line number="771" hits="0" branch="false"/>
                <line number="772" hits="0" branch="false"/>
                <line number="773" hits="0" branch="false"/>
                <line number="774" hits="0" branch="false"/>
                <line number="775" hits="0" branch="false"/>
                <line number="776" hits="0" branch="false"/>
                <line number="777" hits="0" branch="false"/>
                <line number="778" hits="0" branch="false"/>
                <line number="779" hits="0" branch="false"/>
                <line number="780" hits="0" branch="false"/>
                <line number="781" hits="0" branch="false"/>
                <line number="782" hits="0" branch="false"/>
                <line number="783" hits="0" branch="false"/>
                <line number="784" hits="0" branch="false"/>
                <line number="785" hits="0" branch="false"/>
                <line number="786" hits="0" branch="false"/>
                <line number="787" hits="0" branch="false"/>
                <line number="788" hits="0" branch="false"/>
                <line number="789" hits="0" branch="false"/>
                <line number="790" hits="0" branch="false"/>
                <line number="791" hits="0" branch="false"/>
                <line number="792" hits="0" branch="false"/>
                <line number="793" hits="0" branch="false"/>
                <line number="794" hits="0" branch="false"/>
                <line number="795" hits="0" branch="false"/>
                <line number="796" hits="0" branch="false"/>
                <line number="797" hits="0" branch="false"/>
                <line number="798" hits="0" branch="false"/>
                <line number="799" hits="0" branch="false"/>
                <line number="800" hits="0" branch="false"/>
                <line number="801" hits="0" branch="false"/>
                <line number="802" hits="0" branch="false"/>
                <line number="803" hits="0" branch="false"/>
                <line number="804" hits="0" branch="false"/>
              </lines>
            </method>
            <method name="which_polygon" signature="NA" line-rate="0" branch-rate="0">
              <lines>
                <line number="816" hits="0" branch="false"/>
                <line number="817" hits="0" branch="false"/>
                <line number="818" hits="0" branch="false"/>
                <line number="819" hits="0" branch="false"/>
                <line number="820" hits="0" branch="false"/>
                <line number="821" hits="0" branch="false"/>
                <line number="823" hits="0" branch="false"/>
                <line number="824" hits="0" branch="false"/>
                <line number="825" hits="0" branch="false"/>
                <line number="826" hits="0" branch="false"/>
                <line number="827" hits="0" branch="false"/>
                <line number="828" hits="0" branch="false"/>
                <line number="829" hits="0" branch="false"/>
                <line number="830" hits="0" branch="false"/>
                <line number="831" hits="0" branch="false"/>
                <line number="832" hits="0" branch="false"/>
                <line number="833" hits="0" branch="false"/>
                <line number="834" hits="0" branch="false"/>
                <line number="835" hits="0" branch="false"/>
                <line number="836" hits="0" branch="false"/>
                <line number="837" hits="0" branch="false"/>
                <line number="838" hits="0" branch="false"/>
                <line number="839" hits="0" branch="false"/>
                <line number="840" hits="0" branch="false"/>
                <line number="841" hits="0" branch="false"/>
                <line number="842" hits="0" branch="false"/>
                <line number="843" hits="0" branch="false"/>
                <line number="844" hits="0" branch="false"/>
                <line number="845" hits="0" branch="false"/>
                <line number="846" hits="0" branch="false"/>
                <line number="847" hits="0" branch="false"/>
                <line number="849" hits="0" branch="false"/>
                <line number="850" hits="0" branch="false"/>
                <line number="851" hits="0" branch="false"/>
                <line number="852" hits="0" branch="false"/>
                <line number="854" hits="0" branch="false"/>
              </lines>
            </method>
          </methods>
          <lines>
            <line number="23" hits="13" branch="false"/>
            <line number="24" hits="13" branch="false"/>
            <line number="26" hits="13" branch="false"/>
            <line number="29" hits="13" branch="false"/>
            <line number="32" hits="13" branch="false"/>
            <line number="33" hits="13" branch="false"/>
            <line number="34" hits="13" branch="false"/>
            <line number="35" hits="13" branch="false"/>
            <line number="36" hits="13" branch="false"/>
            <line number="37" hits="13" branch="false"/>
            <line number="40" hits="13" branch="false"/>
            <line number="41" hits="13" branch="false"/>
            <line number="42" hits="13" branch="false"/>
            <line number="43" hits="13" branch="false"/>
            <line number="44" hits="13" branch="false"/>
            <line number="45" hits="13" branch="false"/>
            <line number="50" hits="13" branch="false"/>
            <line number="51" hits="13" branch="false"/>
            <line number="52" hits="13" branch="false"/>
            <line number="53" hits="13" branch="false"/>
            <line number="54" hits="13" branch="false"/>
            <line number="55" hits="13" branch="false"/>
            <line number="56" hits="13" branch="false"/>
            <line number="57" hits="13" branch="false"/>
            <line number="58" hits="13" branch="false"/>
            <line number="59" hits="13" branch="false"/>
            <line number="60" hits="13" branch="false"/>
            <line number="61" hits="13" branch="false"/>
            <line number="64" hits="13" branch="false"/>
            <line number="65" hits="13" branch="false"/>
            <line number="66" hits="13" branch="false"/>
            <line number="67" hits="13" branch="false"/>
            <line number="68" hits="13" branch="false"/>
            <line number="69" hits="13" branch="false"/>
            <line number="70" hits="13" branch="false"/>
            <line number="71" hits="13" branch="false"/>
            <line number="72" hits="13" branch="false"/>
            <line number="74" hits="13" branch="false"/>
            <line number="78" hits="13" branch="false"/>
            <line number="89" hits="32" branch="false"/>
            <line number="90" hits="32" branch="false"/>
            <line number="104" hits="3" branch="false"/>
            <line number="106" hits="3" branch="false"/>
            <line number="108" hits="3" branch="false"/>
            <line number="110" hits="3" branch="false"/>
            <line number="117" hits="5" branch="false"/>
            <line number="118" hits="5" branch="false"/>
            <line number="132" hits="18" branch="false"/>
            <line number="134" hits="18" branch="false"/>
            <line number="136" hits="18" branch="false"/>
            <line number="138" hits="18" branch="false"/>
            <line number="139" hits="18" branch="false"/>
            <line number="140" hits="18" branch="false"/>
            <line number="141" hits="18" branch="false"/>
            <line number="142" hits="18" branch="false"/>
            <line number="143" hits="18" branch="false"/>
            <line number="145" hits="18" branch="false"/>
            <line number="159" hits="4" branch="false"/>
            <line number="160" hits="4" branch="false"/>
            <line number="161" hits="4" branch="false"/>
            <line number="164" hits="4" branch="false"/>
            <line number="167" hits="4" branch="false"/>
            <line number="170" hits="4" branch="false"/>
            <line number="173" hits="4" branch="false"/>
            <line number="174" hits="4" branch="false"/>
            <line number="175" hits="1" branch="false"/>
            <line number="176" hits="4" branch="false"/>
            <line number="178" hits="4" branch="false"/>
            <line number="199" hits="0" branch="false"/>
            <line number="200" hits="0" branch="false"/>
            <line number="201" hits="0" branch="false"/>
            <line number="204" hits="0" branch="false"/>
            <line number="206" hits="0" branch="false"/>
            <line number="213" hits="0" branch="false"/>
            <line number="220" hits="0" branch="false"/>
            <line number="227" hits="0" branch="false"/>
            <line number="234" hits="0" branch="false"/>
            <line number="241" hits="0" branch="false"/>
            <line number="254" hits="0" branch="false"/>
            <line number="255" hits="0" branch="false"/>
            <line number="256" hits="0" branch="false"/>
            <line number="257" hits="0" branch="false"/>
            <line number="258" hits="0" branch="false"/>
            <line number="259" hits="0" branch="false"/>
            <line number="260" hits="0" branch="false"/>
            <line number="261" hits="0" branch="false"/>
            <line number="262" hits="0" branch="false"/>
            <line number="263" hits="0" branch="false"/>
            <line number="264" hits="0" branch="false"/>
            <line number="265" hits="0" branch="false"/>
            <line number="266" hits="0" branch="false"/>
            <line number="267" hits="0" branch="false"/>
            <line number="268" hits="0" branch="false"/>
            <line number="269" hits="0" branch="false"/>
            <line number="270" hits="0" branch="false"/>
            <line number="273" hits="0" branch="false"/>
            <line number="274" hits="0" branch="false"/>
            <line number="275" hits="0" branch="false"/>
            <line number="276" hits="0" branch="false"/>
            <line number="277" hits="0" branch="false"/>
            <line number="280" hits="0" branch="false"/>
            <line number="281" hits="0" branch="false"/>
            <line number="282" hits="0" branch="false"/>
            <line number="283" hits="0" branch="false"/>
            <line number="284" hits="0" branch="false"/>
            <line number="287" hits="0" branch="false"/>
            <line number="288" hits="0" branch="false"/>
            <line number="289" hits="0" branch="false"/>
            <line number="290" hits="0" branch="false"/>
            <line number="291" hits="0" branch="false"/>
            <line number="293" hits="0" branch="false"/>
            <line number="301" hits="0" branch="false"/>
            <line number="304" hits="0" branch="false"/>
            <line number="312" hits="0" branch="false"/>
            <line number="324" hits="0" branch="false"/>
            <line number="334" hits="0" branch="false"/>
[...]
                <line number="513" hits="0" branch="false"/>
                <line number="514" hits="0" branch="false"/>
                <line number="515" hits="0" branch="false"/>
                <line number="516" hits="0" branch="false"/>
                <line number="517" hits="0" branch="false"/>
                <line number="518" hits="0" branch="false"/>
                <line number="519" hits="0" branch="false"/>
                <line number="520" hits="0" branch="false"/>
                <line number="521" hits="0" branch="false"/>
                <line number="522" hits="0" branch="false"/>
                <line number="523" hits="0" branch="false"/>
                <line number="524" hits="0" branch="false"/>
                <line number="525" hits="0" branch="false"/>
                <line number="526" hits="0" branch="false"/>
                <line number="527" hits="0" branch="false"/>
              </lines>
            </method>
            <method name="remove_type_interact" signature="NA" line-rate="0" branch-rate="0">
              <lines>
                <line number="599" hits="0" branch="false"/>
                <line number="600" hits="0" branch="false"/>
                <line number="601" hits="0" branch="false"/>
                <line number="602" hits="0" branch="false"/>
                <line number="603" hits="0" branch="false"/>
                <line number="604" hits="0" branch="false"/>
                <line number="605" hits="0" branch="false"/>
                <line number="606" hits="0" branch="false"/>
              </lines>
            </method>
            <method name="get_index_typeinteract" signature="NA" line-rate="0" branch-rate="0">
              <lines>
                <line number="629" hits="0" branch="false"/>
                <line number="630" hits="0" branch="false"/>
                <line number="631" hits="0" branch="false"/>
                <line number="632" hits="0" branch="false"/>
                <line number="633" hits="0" branch="false"/>
                <line number="634" hits="0" branch="false"/>
                <line number="635" hits="0" branch="false"/>
                <line number="636" hits="0" branch="false"/>
                <line number="637" hits="0" branch="false"/>
                <line number="638" hits="0" branch="false"/>
                <line number="639" hits="0" branch="false"/>
                <line number="640" hits="0" branch="false"/>
                <line number="641" hits="0" branch="false"/>
                <line number="642" hits="0" branch="false"/>
                <line number="644" hits="0" branch="false"/>
              </lines>
            </method>
            <method name="is_TypeInteractModel" signature="NA" line-rate="0" branch-rate="0">
              <lines>
                <line number="652" hits="0" branch="false"/>
              </lines>
            </method>
          </methods>
          <lines>
            <line number="27" hits="2" branch="false"/>
            <line number="28" hits="2" branch="false"/>
            <line number="29" hits="1" branch="false"/>
            <line number="30" hits="2" branch="false"/>
            <line number="32" hits="1" branch="false"/>
            <line number="33" hits="1" branch="false"/>
            <line number="34" hits="1" branch="false"/>
            <line number="35" hits="1" branch="false"/>
            <line number="37" hits="1" branch="false"/>
            <line number="54" hits="0" branch="false"/>
            <line number="55" hits="0" branch="false"/>
            <line number="64" hits="0" branch="false"/>
            <line number="65" hits="0" branch="false"/>
            <line number="66" hits="0" branch="false"/>
            <line number="67" hits="0" branch="false"/>
            <line number="68" hits="0" branch="false"/>
            <line number="69" hits="0" branch="false"/>
            <line number="70" hits="0" branch="false"/>
            <line number="79" hits="0" branch="false"/>
            <line number="80" hits="0" branch="false"/>
            <line number="81" hits="0" branch="false"/>
            <line number="89" hits="0" branch="false"/>
            <line number="96" hits="0" branch="false"/>
            <line number="103" hits="0" branch="false"/>
            <line number="110" hits="0" branch="false"/>
            <line number="111" hits="0" branch="false"/>
            <line number="112" hits="0" branch="false"/>
            <line number="113" hits="0" branch="false"/>
            <line number="120" hits="0" branch="false"/>
            <line number="121" hits="0" branch="false"/>
            <line number="122" hits="0" branch="false"/>
            <line number="123" hits="0" branch="false"/>
            <line number="124" hits="0" branch="false"/>
            <line number="125" hits="0" branch="false"/>
            <line number="132" hits="0" branch="false"/>
            <line number="146" hits="0" branch="false"/>
            <line number="155" hits="0" branch="false"/>
            <line number="156" hits="0" branch="false"/>
            <line number="157" hits="0" branch="false"/>
            <line number="158" hits="0" branch="false"/>
            <line number="159" hits="0" branch="false"/>
            <line number="160" hits="0" branch="false"/>
            <line number="167" hits="0" branch="false"/>
            <line number="175" hits="0" branch="false"/>
            <line number="185" hits="0" branch="false"/>
            <line number="186" hits="0" branch="false"/>
            <line number="187" hits="0" branch="false"/>
            <line number="188" hits="0" branch="false"/>
            <line number="189" hits="0" branch="false"/>
            <line number="190" hits="0" branch="false"/>
            <line number="191" hits="0" branch="false"/>
            <line number="192" hits="0" branch="false"/>
            <line number="193" hits="0" branch="false"/>
            <line number="200" hits="0" branch="false"/>
            <line number="202" hits="0" branch="false"/>
            <line number="203" hits="0" branch="false"/>
            <line number="204" hits="0" branch="false"/>
            <line number="205" hits="0" branch="false"/>
            <line number="207" hits="0" branch="false"/>
            <line number="217" hits="0" branch="false"/>
            <line number="218" hits="0" branch="false"/>
            <line number="219" hits="0" branch="false"/>
            <line number="220" hits="0" branch="false"/>
            <line number="221" hits="0" branch="false"/>
            <line number="222" hits="0" branch="false"/>
            <line number="223" hits="0" branch="false"/>
            <line number="224" hits="0" branch="false"/>
            <line number="225" hits="0" branch="false"/>
            <line number="226" hits="0" branch="false"/>
            <line number="236" hits="0" branch="false"/>
            <line number="237" hits="0" branch="false"/>
            <line number="238" hits="0" branch="false"/>
            <line number="239" hits="0" branch="false"/>
            <line number="240" hits="0" branch="false"/>
            <line number="241" hits="0" branch="false"/>
            <line number="242" hits="0" branch="false"/>
            <line number="243" hits="0" branch="false"/>
            <line number="244" hits="0" branch="false"/>
            <line number="245" hits="0" branch="false"/>
            <line number="252" hits="0" branch="false"/>
            <line number="253" hits="0" branch="false"/>
            <line number="254" hits="0" branch="false"/>
            <line number="255" hits="0" branch="false"/>
            <line number="263" hits="0" branch="false"/>
            <line number="264" hits="0" branch="false"/>
            <line number="265" hits="0" branch="false"/>
            <line number="266" hits="0" branch="false"/>
            <line number="273" hits="0" branch="false"/>
            <line number="274" hits="0" branch="false"/>
            <line number="275" hits="0" branch="false"/>
            <line number="276" hits="0" branch="false"/>
            <line number="277" hits="0" branch="false"/>
            <line number="278" hits="0" branch="false"/>
            <line number="279" hits="0" branch="false"/>
            <line number="280" hits="0" branch="false"/>
            <line number="281" hits="0" branch="false"/>
            <line number="282" hits="0" branch="false"/>
            <line number="283" hits="0" branch="false"/>
            <line number="284" hits="0" branch="false"/>
            <line number="285" hits="0" branch="false"/>
            <line number="286" hits="0" branch="false"/>
            <line number="287" hits="0" branch="false"/>
            <line number="288" hits="0" branch="false"/>
            <line number="289" hits="0" branch="false"/>
            <line number="290" hits="0" branch="false"/>
            <line number="291" hits="0" branch="false"/>
            <line number="292" hits="0" branch="false"/>
            <line number="303" hits="0" branch="false"/>
            <line number="304" hits="0" branch="false"/>
            <line number="305" hits="0" branch="false"/>
            <line number="306" hits="0" branch="false"/>
            <line number="307" hits="0" branch="false"/>
            <line number="308" hits="0" branch="false"/>
            <line number="309" hits="0" branch="false"/>
            <line number="310" hits="0" branch="false"/>
            <line number="311" hits="0" branch="false"/>
            <line number="312" hits="0" branch="false"/>
            <line number="320" hits="0" branch="false"/>
            <line number="321" hits="0" branch="false"/>
            <line number="322" hits="0" branch="false"/>
            <line number="323" hits="0" branch="false"/>
            <line number="324" hits="0" branch="false"/>
            <line number="325" hits="0" branch="false"/>
            <line number="326" hits="0" branch="false"/>
            <line number="327" hits="0" branch="false"/>
            <line number="338" hits="0" branch="false"/>
            <line number="339" hits="0" branch="false"/>
            <line number="340" hits="0" branch="false"/>
            <line number="341" hits="0" branch="false"/>
            <line number="342" hits="0" branch="false"/>
            <line number="343" hits="0" branch="false"/>
            <line number="344" hits="0" branch="false"/>
            <line number="345" hits="0" branch="false"/>
            <line number="346" hits="0" branch="false"/>
            <line number="347" hits="0" branch="false"/>
            <line number="348" hits="0" branch="false"/>
            <line number="349" hits="0" branch="false"/>
            <line number="350" hits="0" branch="false"/>
            <line number="351" hits="0" branch="false"/>
            <line number="353" hits="0" branch="false"/>
            <line number="362" hits="0" branch="false"/>
            <line number="371" hits="0" branch="false"/>
            <line number="372" hits="0" branch="false"/>
            <line number="373" hits="0" branch="false"/>
            <line number="374" hits="0" branch="false"/>
            <line number="381" hits="0" branch="false"/>
            <line number="388" hits="0" branch="false"/>
            <line number="389" hits="0" branch="false"/>
            <line number="390" hits="0" branch="false"/>
            <line number="391" hits="0" branch="false"/>
            <line number="392" hits="0" branch="false"/>
            <line number="401" hits="0" branch="false"/>
            <line number="403" hits="0" branch="false"/>
            <line number="404" hits="0" branch="false"/>
            <line number="405" hits="0" branch="false"/>
            <line number="406" hits="0" branch="false"/>
            <line number="407" hits="0" branch="false"/>
            <line number="408" hits="0" branch="false"/>
            <line number="409" hits="0" branch="false"/>
            <line number="410" hits="0" branch="false"/>
            <line number="419" hits="0" branch="false"/>
            <line number="421" hits="0" branch="false"/>
            <line number="422" hits="0" branch="false"/>
            <line number="423" hits="0" branch="false"/>
            <line number="424" hits="0" branch="false"/>
            <line number="425" hits="0" branch="false"/>
            <line number="426" hits="0" branch="false"/>
            <line number="427" hits="0" branch="false"/>
            <line number="428" hits="0" branch="false"/>
            <line number="438" hits="0" branch="false"/>
            <line number="440" hits="0" branch="false"/>
            <line number="441" hits="0" branch="false"/>
            <line number="442" hits="0" branch="false"/>
            <line number="443" hits="0" branch="false"/>
            <line number="444" hits="0" branch="false"/>
            <line number="445" hits="0" branch="false"/>
            <line number="446" hits="0" branch="false"/>
            <line number="447" hits="0" branch="false"/>
            <line number="456" hits="0" branch="false"/>
            <line number="458" hits="0" branch="false"/>
            <line number="459" hits="0" branch="false"/>
            <line number="460" hits="0" branch="false"/>
            <line number="461" hits="0" branch="false"/>
            <line number="462" hits="0" branch="false"/>
            <line number="463" hits="0" branch="false"/>
            <line number="464" hits="0" branch="false"/>
            <line number="465" hits="0" branch="false"/>
            <line number="475" hits="0" branch="false"/>
            <line number="477" hits="0" branch="false"/>
            <line number="478" hits="0" branch="false"/>
            <line number="479" hits="0" branch="false"/>
            <line number="480" hits="0" branch="false"/>
            <line number="481" hits="0" branch="false"/>
            <line number="482" hits="0" branch="false"/>
            <line number="483" hits="0" branch="false"/>
            <line number="484" hits="0" branch="false"/>
            <line number="494" hits="0" branch="false"/>
            <line number="496" hits="0" branch="false"/>
            <line number="497" hits="0" branch="false"/>
            <line number="498" hits="0" branch="false"/>
            <line number="499" hits="0" branch="false"/>
            <line number="500" hits="0" branch="false"/>
            <line number="501" hits="0" branch="false"/>
            <line number="502" hits="0" branch="false"/>
            <line number="503" hits="0" branch="false"/>
            <line number="510" hits="0" branch="false"/>
            <line number="511" hits="0" branch="false"/>
            <line number="512" hits="0" branch="false"/>
            <line number="513" hits="0" branch="false"/>
            <line number="514" hits="0" branch="false"/>
            <line number="515" hits="0" branch="false"/>
            <line number="516" hits="0" branch="false"/>
            <line number="517" hits="0" branch="false"/>
            <line number="518" hits="0" branch="false"/>
            <line number="519" hits="0" branch="false"/>
            <line number="520" hits="0" branch="false"/>
            <line number="521" hits="0" branch="false"/>
            <line number="522" hits="0" branch="false"/>
            <line number="523" hits="0" branch="false"/>
            <line number="524" hits="0" branch="false"/>
            <line number="525" hits="0" branch="false"/>
            <line number="526" hits="0" branch="false"/>
            <line number="527" hits="0" branch="false"/>
            <line number="536" hits="0" branch="false"/>
            <line number="537" hits="0" branch="false"/>
            <line number="538" hits="0" branch="false"/>
            <line number="539" hits="0" branch="false"/>
            <line number="540" hits="0" branch="false"/>
            <line number="541" hits="0" branch="false"/>
            <line number="542" hits="0" branch="false"/>
            <line number="543" hits="0" branch="false"/>
            <line number="544" hits="0" branch="false"/>
            <line number="553" hits="0" branch="false"/>
            <line number="554" hits="0" branch="false"/>
            <line number="555" hits="0" branch="false"/>
            <line number="556" hits="0" branch="false"/>
            <line number="557" hits="0" branch="false"/>
            <line number="558" hits="0" branch="false"/>
            <line number="559" hits="0" branch="false"/>
            <line number="560" hits="0" branch="false"/>
            <line number="561" hits="0" branch="false"/>
            <line number="571" hits="0" branch="false"/>
            <line number="572" hits="0" branch="false"/>
            <line number="573" hits="0" branch="false"/>
            <line number="574" hits="0" branch="false"/>
            <line number="575" hits="0" branch="false"/>
            <line number="576" hits="0" branch="false"/>
            <line number="586" hits="0" branch="false"/>
            <line number="587" hits="0" branch="false"/>
            <line number="588" hits="0" branch="false"/>
            <line number="589" hits="0" branch="false"/>
            <line number="590" hits="0" branch="false"/>
            <line number="591" hits="0" branch="false"/>
            <line number="599" hits="0" branch="false"/>
            <line number="600" hits="0" branch="false"/>
            <line number="601" hits="0" branch="false"/>
            <line number="602" hits="0" branch="false"/>
            <line number="603" hits="0" branch="false"/>
            <line number="604" hits="0" branch="false"/>
            <line number="605" hits="0" branch="false"/>
            <line number="606" hits="0" branch="false"/>
            <line number="615" hits="0" branch="false"/>
            <line number="616" hits="0" branch="false"/>
            <line number="617" hits="0" branch="false"/>
            <line number="618" hits="0" branch="false"/>
            <line number="619" hits="0" branch="false"/>
            <line number="620" hits="0" branch="false"/>
            <line number="629" hits="0" branch="false"/>
            <line number="630" hits="0" branch="false"/>
            <line number="631" hits="0" branch="false"/>
            <line number="632" hits="0" branch="false"/>
            <line number="633" hits="0" branch="false"/>
            <line number="634" hits="0" branch="false"/>
            <line number="635" hits="0" branch="false"/>
            <line number="636" hits="0" branch="false"/>
            <line number="637" hits="0" branch="false"/>
            <line number="638" hits="0" branch="false"/>
            <line number="639" hits="0" branch="false"/>
            <line number="640" hits="0" branch="false"/>
            <line number="641" hits="0" branch="false"/>
            <line number="642" hits="0" branch="false"/>
            <line number="644" hits="0" branch="false"/>
            <line number="652" hits="0" branch="false"/>
          </lines>
        </class>
        <class name="utility.R" filename="R/utility.R" line-rate="0" branch-rate="0" complexity="0">
          <methods>
            <method name="get_index" signature="NA" line-rate="0" branch-rate="0">
              <lines>
                <line number="15" hits="0" branch="false"/>
                <line number="16" hits="0" branch="false"/>
                <line number="18" hits="0" branch="false"/>
                <line number="20" hits="0" branch="false"/>
              </lines>
            </method>
          </methods>
          <lines>
            <line number="15" hits="0" branch="false"/>
            <line number="16" hits="0" branch="false"/>
            <line number="18" hits="0" branch="false"/>
            <line number="20" hits="0" branch="false"/>
          </lines>
        </class>
      </classes>
    </package>
  </packages>
</coverage>
