<?xml version="1.0" encoding="UTF-8"?>
<coverage line-rate="0.596256684491979" branch-rate="0" version="3.0.1" timestamp="2018-02-08 18:05:03">
  <sources>
    <source>R/extract_dynapop_oft.R</source>
    <source>R/landscape_functions.R</source>
    <source>R/landscape.R</source>
    <source>R/model.R</source>
    <source>R/simulation_tools.R</source>
    <source>R/utility.R</source>
    <source>src/simulation.cpp</source>
  </sources>
  <packages>
    <package name="cervideDS" line-rate="0.596256684491979" branch-rate="0" complexity="0">
      <classes>
        <class name="extract_dynapop_oft.R" filename="R/extract_dynapop_oft.R" line-rate="0.840490797546012" branch-rate="0" complexity="0">
          <methods>
            <method name="voronoi" signature="NA" line-rate="1" branch-rate="0">
              <lines>
                <line number="38" hits="18" branch="false"/>
                <line number="39" hits="18" branch="false"/>
                <line number="40" hits="18" branch="false"/>
                <line number="41" hits="18" branch="false"/>
                <line number="42" hits="18" branch="false"/>
                <line number="43" hits="18" branch="false"/>
                <line number="44" hits="18" branch="false"/>
                <line number="45" hits="18" branch="false"/>
                <line number="46" hits="18" branch="false"/>
                <line number="47" hits="18" branch="false"/>
                <line number="48" hits="18" branch="false"/>
                <line number="49" hits="18" branch="false"/>
                <line number="50" hits="18" branch="false"/>
              </lines>
            </method>
            <method name="as.spl" signature="NA" line-rate="1" branch-rate="0">
              <lines>
                <line number="60" hits="18" branch="false"/>
                <line number="61" hits="18" branch="false"/>
                <line number="62" hits="18" branch="false"/>
                <line number="63" hits="18" branch="false"/>
                <line number="64" hits="18" branch="false"/>
                <line number="65" hits="18" branch="false"/>
                <line number="66" hits="18" branch="false"/>
                <line number="67" hits="18" branch="false"/>
                <line number="68" hits="18" branch="false"/>
                <line number="69" hits="18" branch="false"/>
                <line number="70" hits="18" branch="false"/>
                <line number="71" hits="18" branch="false"/>
                <line number="72" hits="18" branch="false"/>
                <line number="73" hits="18" branch="false"/>
                <line number="74" hits="18" branch="false"/>
                <line number="75" hits="18" branch="false"/>
                <line number="76" hits="18" branch="false"/>
                <line number="77" hits="18" branch="false"/>
              </lines>
            </method>
            <method name="get.mid" signature="NA" line-rate="1" branch-rate="0">
              <lines>
                <line number="85" hits="9" branch="false"/>
                <line number="86" hits="9" branch="false"/>
                <line number="87" hits="9" branch="false"/>
                <line number="88" hits="9" branch="false"/>
              </lines>
            </method>
            <method name="f.gibbs.points" signature="NA" line-rate="0.848484848484849" branch-rate="0">
              <lines>
                <line number="97" hits="9" branch="false"/>
                <line number="98" hits="9" branch="false"/>
                <line number="100" hits="9" branch="false"/>
                <line number="101" hits="9" branch="false"/>
                <line number="102" hits="9" branch="false"/>
                <line number="103" hits="9" branch="false"/>
                <line number="104" hits="9" branch="false"/>
                <line number="106" hits="9" branch="false"/>
                <line number="107" hits="9" branch="false"/>
                <line number="109" hits="9" branch="false"/>
                <line number="110" hits="9" branch="false"/>
                <line number="111" hits="9" branch="false"/>
                <line number="112" hits="9" branch="false"/>
                <line number="113" hits="9" branch="false"/>
                <line number="114" hits="9" branch="false"/>
                <line number="115" hits="9" branch="false"/>
                <line number="116" hits="9" branch="false"/>
                <line number="117" hits="9" branch="false"/>
                <line number="118" hits="9" branch="false"/>
                <line number="119" hits="9" branch="false"/>
                <line number="120" hits="9" branch="false"/>
                <line number="121" hits="9" branch="false"/>
                <line number="122" hits="9" branch="false"/>
                <line number="123" hits="9" branch="false"/>
                <line number="125" hits="9" branch="false"/>
                <line number="126" hits="9" branch="false"/>
                <line number="127" hits="0" branch="false"/>
                <line number="128" hits="0" branch="false"/>
                <line number="129" hits="0" branch="false"/>
                <line number="130" hits="0" branch="false"/>
                <line number="131" hits="0" branch="false"/>
                <line number="132" hits="9" branch="false"/>
                <line number="134" hits="9" branch="false"/>
              </lines>
            </method>
            <method name="init.struct" signature="NA" line-rate="1" branch-rate="0">
              <lines>
                <line number="144" hits="9" branch="false"/>
                <line number="146" hits="9" branch="false"/>
                <line number="148" hits="9" branch="false"/>
                <line number="149" hits="9" branch="false"/>
                <line number="150" hits="9" branch="false"/>
                <line number="151" hits="9" branch="false"/>
                <line number="152" hits="9" branch="false"/>
                <line number="153" hits="9" branch="false"/>
                <line number="154" hits="9" branch="false"/>
                <line number="155" hits="9" branch="false"/>
                <line number="157" hits="9" branch="false"/>
                <line number="160" hits="9" branch="false"/>
                <line number="161" hits="9" branch="false"/>
                <line number="163" hits="9" branch="false"/>
                <line number="164" hits="9" branch="false"/>
                <line number="165" hits="9" branch="false"/>
                <line number="167" hits="9" branch="false"/>
                <line number="168" hits="9" branch="false"/>
                <line number="169" hits="9" branch="false"/>
                <line number="170" hits="9" branch="false"/>
                <line number="172" hits="9" branch="false"/>
                <line number="173" hits="9" branch="false"/>
              </lines>
            </method>
            <method name="compute.metrics" signature="NA" line-rate="1" branch-rate="0">
              <lines>
                <line number="186" hits="2700" branch="false"/>
                <line number="187" hits="2700" branch="false"/>
                <line number="188" hits="2700" branch="false"/>
                <line number="189" hits="2700" branch="false"/>
                <line number="191" hits="2700" branch="false"/>
                <line number="192" hits="2700" branch="false"/>
                <line number="193" hits="2700" branch="false"/>
                <line number="194" hits="2700" branch="false"/>
                <line number="196" hits="2700" branch="false"/>
                <line number="197" hits="2700" branch="false"/>
                <line number="198" hits="2700" branch="false"/>
                <line number="200" hits="2700" branch="false"/>
                <line number="201" hits="2700" branch="false"/>
                <line number="202" hits="2700" branch="false"/>
                <line number="205" hits="2700" branch="false"/>
                <line number="206" hits="2700" branch="false"/>
                <line number="207" hits="2700" branch="false"/>
                <line number="209" hits="2700" branch="false"/>
                <line number="210" hits="2700" branch="false"/>
                <line number="211" hits="2700" branch="false"/>
                <line number="212" hits="2700" branch="false"/>
                <line number="213" hits="2700" branch="false"/>
                <line number="216" hits="2700" branch="false"/>
                <line number="217" hits="2700" branch="false"/>
                <line number="219" hits="2700" branch="false"/>
                <line number="220" hits="2700" branch="false"/>
                <line number="221" hits="2700" branch="false"/>
                <line number="224" hits="2700" branch="false"/>
                <line number="225" hits="2700" branch="false"/>
                <line number="227" hits="2700" branch="false"/>
                <line number="228" hits="2700" branch="false"/>
                <line number="229" hits="2700" branch="false"/>
              </lines>
            </method>
            <method name="init.pop" signature="NA" line-rate="1" branch-rate="0">
              <lines>
                <line number="239" hits="9" branch="false"/>
                <line number="240" hits="9" branch="false"/>
                <line number="241" hits="9" branch="false"/>
                <line number="242" hits="9" branch="false"/>
                <line number="244" hits="9" branch="false"/>
                <line number="245" hits="9" branch="false"/>
                <line number="246" hits="9" branch="false"/>
                <line number="247" hits="9" branch="false"/>
                <line number="249" hits="9" branch="false"/>
              </lines>
            </method>
            <method name="eval.func" signature="NA" line-rate="1" branch-rate="0">
              <lines>
                <line number="254" hits="2700" branch="false"/>
                <line number="256" hits="2562" branch="false"/>
              </lines>
            </method>
            <method name="crossover.func" signature="NA" line-rate="1" branch-rate="0">
              <lines>
                <line number="261" hits="2700" branch="false"/>
                <line number="262" hits="2700" branch="false"/>
                <line number="263" hits="2700" branch="false"/>
                <line number="264" hits="2700" branch="false"/>
                <line number="265" hits="2700" branch="false"/>
                <line number="266" hits="2700" branch="false"/>
                <line number="267" hits="2700" branch="false"/>
              </lines>
            </method>
            <method name="mutate.func" signature="NA" line-rate="1" branch-rate="0">
              <lines>
                <line number="272" hits="2700" branch="false"/>
                <line number="273" hits="2700" branch="false"/>
                <line number="274" hits="2700" branch="false"/>
              </lines>
            </method>
            <method name="ls.gen.GA" signature="NA" line-rate="0.743169398907104" branch-rate="0">
              <lines>
                <line number="302" hits="9" branch="false"/>
                <line number="303" hits="9" branch="false"/>
                <line number="305" hits="9" branch="false"/>
                <line number="306" hits="0" branch="false"/>
                <line number="307" hits="9" branch="false"/>
                <line number="310" hits="9" branch="false"/>
                <line number="311" hits="9" branch="false"/>
                <line number="313" hits="9" branch="false"/>
                <line number="314" hits="9" branch="false"/>
                <line number="316" hits="9" branch="false"/>
                <line number="317" hits="9" branch="false"/>
                <line number="318" hits="9" branch="false"/>
                <line number="319" hits="9" branch="false"/>
                <line number="320" hits="9" branch="false"/>
                <line number="322" hits="9" branch="false"/>
                <line number="324" hits="9" branch="false"/>
                <line number="325" hits="9" branch="false"/>
                <line number="326" hits="9" branch="false"/>
                <line number="329" hits="9" branch="false"/>
                <line number="330" hits="9" branch="false"/>
                <line number="331" hits="9" branch="false"/>
                <line number="333" hits="9" branch="false"/>
                <line number="334" hits="9" branch="false"/>
                <line number="335" hits="9" branch="false"/>
                <line number="336" hits="9" branch="false"/>
                <line number="337" hits="9" branch="false"/>
                <line number="338" hits="9" branch="false"/>
                <line number="339" hits="9" branch="false"/>
                <line number="340" hits="9" branch="false"/>
                <line number="341" hits="9" branch="false"/>
                <line number="342" hits="9" branch="false"/>
                <line number="344" hits="9" branch="false"/>
                <line number="345" hits="9" branch="false"/>
                <line number="346" hits="9" branch="false"/>
                <line number="347" hits="9" branch="false"/>
                <line number="348" hits="9" branch="false"/>
                <line number="350" hits="9" branch="false"/>
                <line number="351" hits="9" branch="false"/>
                <line number="352" hits="9" branch="false"/>
                <line number="353" hits="9" branch="false"/>
                <line number="354" hits="9" branch="false"/>
                <line number="355" hits="9" branch="false"/>
                <line number="356" hits="9" branch="false"/>
                <line number="357" hits="9" branch="false"/>
                <line number="358" hits="9" branch="false"/>
                <line number="359" hits="9" branch="false"/>
                <line number="360" hits="9" branch="false"/>
                <line number="361" hits="9" branch="false"/>
                <line number="362" hits="9" branch="false"/>
                <line number="363" hits="9" branch="false"/>
                <line number="364" hits="9" branch="false"/>
                <line number="365" hits="9" branch="false"/>
                <line number="366" hits="9" branch="false"/>
                <line number="367" hits="9" branch="false"/>
                <line number="368" hits="9" branch="false"/>
                <line number="369" hits="9" branch="false"/>
                <line number="370" hits="9" branch="false"/>
                <line number="371" hits="9" branch="false"/>
                <line number="372" hits="9" branch="false"/>
                <line number="373" hits="0" branch="false"/>
                <line number="374" hits="0" branch="false"/>
                <line number="375" hits="9" branch="false"/>
                <line number="376" hits="9" branch="false"/>
                <line number="377" hits="9" branch="false"/>
                <line number="378" hits="9" branch="false"/>
                <line number="379" hits="9" branch="false"/>
                <line number="380" hits="9" branch="false"/>
                <line number="381" hits="9" branch="false"/>
                <line number="382" hits="9" branch="false"/>
                <line number="383" hits="9" branch="false"/>
                <line number="384" hits="9" branch="false"/>
                <line number="385" hits="9" branch="false"/>
                <line number="386" hits="9" branch="false"/>
                <line number="387" hits="9" branch="false"/>
                <line number="388" hits="9" branch="false"/>
                <line number="389" hits="0" branch="false"/>
                <line number="390" hits="9" branch="false"/>
                <line number="391" hits="9" branch="false"/>
                <line number="392" hits="9" branch="false"/>
                <line number="393" hits="9" branch="false"/>
                <line number="394" hits="9" branch="false"/>
                <line number="395" hits="9" branch="false"/>
                <line number="396" hits="9" branch="false"/>
                <line number="397" hits="9" branch="false"/>
                <line number="398" hits="9" branch="false"/>
                <line number="399" hits="9" branch="false"/>
                <line number="400" hits="9" branch="false"/>
                <line number="401" hits="0" branch="false"/>
                <line number="402" hits="9" branch="false"/>
                <line number="403" hits="9" branch="false"/>
                <line number="404" hits="9" branch="false"/>
                <line number="405" hits="9" branch="false"/>
                <line number="406" hits="9" branch="false"/>
                <line number="407" hits="9" branch="false"/>
                <line number="408" hits="9" branch="false"/>
                <line number="409" hits="9" branch="false"/>
                <line number="410" hits="9" branch="false"/>
                <line number="411" hits="9" branch="false"/>
                <line number="412" hits="9" branch="false"/>
                <line number="413" hits="9" branch="false"/>
                <line number="414" hits="9" branch="false"/>
                <line number="415" hits="9" branch="false"/>
                <line number="416" hits="9" branch="false"/>
                <line number="417" hits="9" branch="false"/>
                <line number="418" hits="9" branch="false"/>
                <line number="419" hits="9" branch="false"/>
                <line number="420" hits="9" branch="false"/>
                <line number="421" hits="0" branch="false"/>
                <line number="422" hits="9" branch="false"/>
                <line number="423" hits="9" branch="false"/>
                <line number="424" hits="9" branch="false"/>
                <line number="425" hits="9" branch="false"/>
                <line number="426" hits="9" branch="false"/>
                <line number="427" hits="9" branch="false"/>
                <line number="428" hits="9" branch="false"/>
                <line number="429" hits="9" branch="false"/>
                <line number="431" hits="9" branch="false"/>
                <line number="432" hits="9" branch="false"/>
                <line number="435" hits="9" branch="false"/>
                <line number="436" hits="9" branch="false"/>
                <line number="439" hits="9" branch="false"/>
                <line number="440" hits="9" branch="false"/>
                <line number="441" hits="9" branch="false"/>
                <line number="442" hits="9" branch="false"/>
                <line number="443" hits="9" branch="false"/>
                <line number="444" hits="9" branch="false"/>
                <line number="445" hits="9" branch="false"/>
                <line number="448" hits="9" branch="false"/>
                <line number="449" hits="0" branch="false"/>
                <line number="450" hits="0" branch="false"/>
                <line number="451" hits="0" branch="false"/>
                <line number="452" hits="0" branch="false"/>
                <line number="453" hits="0" branch="false"/>
                <line number="454" hits="0" branch="false"/>
                <line number="455" hits="0" branch="false"/>
                <line number="456" hits="0" branch="false"/>
                <line number="457" hits="0" branch="false"/>
                <line number="458" hits="9" branch="false"/>
                <line number="459" hits="0" branch="false"/>
                <line number="460" hits="9" branch="false"/>
                <line number="461" hits="0" branch="false"/>
                <line number="462" hits="0" branch="false"/>
                <line number="463" hits="0" branch="false"/>
                <line number="464" hits="0" branch="false"/>
                <line number="465" hits="0" branch="false"/>
                <line number="466" hits="0" branch="false"/>
                <line number="467" hits="0" branch="false"/>
                <line number="468" hits="9" branch="false"/>
                <line number="469" hits="0" branch="false"/>
                <line number="470" hits="0" branch="false"/>
                <line number="471" hits="0" branch="false"/>
                <line number="472" hits="9" branch="false"/>
                <line number="473" hits="0" branch="false"/>
                <line number="474" hits="0" branch="false"/>
                <line number="475" hits="0" branch="false"/>
                <line number="476" hits="0" branch="false"/>
                <line number="477" hits="0" branch="false"/>
                <line number="478" hits="9" branch="false"/>
                <line number="479" hits="0" branch="false"/>
                <line number="480" hits="0" branch="false"/>
                <line number="481" hits="9" branch="false"/>
                <line number="482" hits="0" branch="false"/>
                <line number="483" hits="0" branch="false"/>
                <line number="484" hits="0" branch="false"/>
                <line number="485" hits="0" branch="false"/>
                <line number="486" hits="0" branch="false"/>
                <line number="487" hits="0" branch="false"/>
                <line number="488" hits="0" branch="false"/>
                <line number="489" hits="0" branch="false"/>
                <line number="490" hits="9" branch="false"/>
                <line number="491" hits="0" branch="false"/>
                <line number="492" hits="0" branch="false"/>
                <line number="493" hits="0" branch="false"/>
                <line number="494" hits="0" branch="false"/>
                <line number="495" hits="0" branch="false"/>
                <line number="496" hits="0" branch="false"/>
                <line number="497" hits="9" branch="false"/>
                <line number="498" hits="9" branch="false"/>
                <line number="500" hits="9" branch="false"/>
                <line number="501" hits="9" branch="false"/>
                <line number="502" hits="9" branch="false"/>
                <line number="503" hits="9" branch="false"/>
                <line number="504" hits="9" branch="false"/>
              </lines>
            </method>
          </methods>
          <lines>
            <line number="38" hits="18" branch="false"/>
            <line number="39" hits="18" branch="false"/>
            <line number="40" hits="18" branch="false"/>
            <line number="41" hits="18" branch="false"/>
            <line number="42" hits="18" branch="false"/>
            <line number="43" hits="18" branch="false"/>
            <line number="44" hits="18" branch="false"/>
            <line number="45" hits="18" branch="false"/>
            <line number="46" hits="18" branch="false"/>
            <line number="47" hits="18" branch="false"/>
            <line number="48" hits="18" branch="false"/>
            <line number="49" hits="18" branch="false"/>
            <line number="50" hits="18" branch="false"/>
            <line number="60" hits="18" branch="false"/>
            <line number="61" hits="18" branch="false"/>
            <line number="62" hits="18" branch="false"/>
            <line number="63" hits="18" branch="false"/>
            <line number="64" hits="18" branch="false"/>
            <line number="65" hits="18" branch="false"/>
            <line number="66" hits="18" branch="false"/>
            <line number="67" hits="18" branch="false"/>
            <line number="68" hits="18" branch="false"/>
            <line number="69" hits="18" branch="false"/>
            <line number="70" hits="18" branch="false"/>
            <line number="71" hits="18" branch="false"/>
            <line number="72" hits="18" branch="false"/>
            <line number="73" hits="18" branch="false"/>
            <line number="74" hits="18" branch="false"/>
            <line number="75" hits="18" branch="false"/>
            <line number="76" hits="18" branch="false"/>
            <line number="77" hits="18" branch="false"/>
            <line number="85" hits="9" branch="false"/>
            <line number="86" hits="9" branch="false"/>
            <line number="87" hits="9" branch="false"/>
            <line number="88" hits="9" branch="false"/>
            <line number="97" hits="9" branch="false"/>
            <line number="98" hits="9" branch="false"/>
            <line number="100" hits="9" branch="false"/>
            <line number="101" hits="9" branch="false"/>
            <line number="102" hits="9" branch="false"/>
            <line number="103" hits="9" branch="false"/>
            <line number="104" hits="9" branch="false"/>
            <line number="106" hits="9" branch="false"/>
            <line number="107" hits="9" branch="false"/>
            <line number="109" hits="9" branch="false"/>
            <line number="110" hits="9" branch="false"/>
            <line number="111" hits="9" branch="false"/>
            <line number="112" hits="9" branch="false"/>
            <line number="113" hits="9" branch="false"/>
            <line number="114" hits="9" branch="false"/>
            <line number="115" hits="9" branch="false"/>
            <line number="116" hits="9" branch="false"/>
            <line number="117" hits="9" branch="false"/>
            <line number="118" hits="9" branch="false"/>
            <line number="119" hits="9" branch="false"/>
            <line number="120" hits="9" branch="false"/>
            <line number="121" hits="9" branch="false"/>
            <line number="122" hits="9" branch="false"/>
            <line number="123" hits="9" branch="false"/>
            <line number="125" hits="9" branch="false"/>
            <line number="126" hits="9" branch="false"/>
            <line number="127" hits="0" branch="false"/>
            <line number="128" hits="0" branch="false"/>
            <line number="129" hits="0" branch="false"/>
            <line number="130" hits="0" branch="false"/>
            <line number="131" hits="0" branch="false"/>
            <line number="132" hits="9" branch="false"/>
            <line number="134" hits="9" branch="false"/>
            <line number="144" hits="9" branch="false"/>
            <line number="146" hits="9" branch="false"/>
            <line number="148" hits="9" branch="false"/>
            <line number="149" hits="9" branch="false"/>
            <line number="150" hits="9" branch="false"/>
            <line number="151" hits="9" branch="false"/>
            <line number="152" hits="9" branch="false"/>
            <line number="153" hits="9" branch="false"/>
            <line number="154" hits="9" branch="false"/>
            <line number="155" hits="9" branch="false"/>
            <line number="157" hits="9" branch="false"/>
            <line number="160" hits="9" branch="false"/>
            <line number="161" hits="9" branch="false"/>
            <line number="163" hits="9" branch="false"/>
            <line number="164" hits="9" branch="false"/>
            <line number="165" hits="9" branch="false"/>
            <line number="167" hits="9" branch="false"/>
            <line number="168" hits="9" branch="false"/>
            <line number="169" hits="9" branch="false"/>
            <line number="170" hits="9" branch="false"/>
            <line number="172" hits="9" branch="false"/>
            <line number="173" hits="9" branch="false"/>
            <line number="186" hits="2700" branch="false"/>
            <line number="187" hits="2700" branch="false"/>
            <line number="188" hits="2700" branch="false"/>
            <line number="189" hits="2700" branch="false"/>
            <line number="191" hits="2700" branch="false"/>
            <line number="192" hits="2700" branch="false"/>
            <line number="193" hits="2700" branch="false"/>
            <line number="194" hits="2700" branch="false"/>
            <line number="196" hits="2700" branch="false"/>
            <line number="197" hits="2700" branch="false"/>
            <line number="198" hits="2700" branch="false"/>
            <line number="200" hits="2700" branch="false"/>
            <line number="201" hits="2700" branch="false"/>
            <line number="202" hits="2700" branch="false"/>
            <line number="205" hits="2700" branch="false"/>
            <line number="206" hits="2700" branch="false"/>
            <line number="207" hits="2700" branch="false"/>
            <line number="209" hits="2700" branch="false"/>
            <line number="210" hits="2700" branch="false"/>
            <line number="211" hits="2700" branch="false"/>
            <line number="212" hits="2700" branch="false"/>
            <line number="213" hits="2700" branch="false"/>
            <line number="216" hits="2700" branch="false"/>
            <line number="217" hits="2700" branch="false"/>
            <line number="219" hits="2700" branch="false"/>
            <line number="220" hits="2700" branch="false"/>
            <line number="221" hits="2700" branch="false"/>
            <line number="224" hits="2700" branch="false"/>
            <line number="225" hits="2700" branch="false"/>
            <line number="227" hits="2700" branch="false"/>
            <line number="228" hits="2700" branch="false"/>
            <line number="229" hits="2700" branch="false"/>
            <line number="239" hits="9" branch="false"/>
            <line number="240" hits="9" branch="false"/>
            <line number="241" hits="9" branch="false"/>
            <line number="242" hits="9" branch="false"/>
            <line number="244" hits="9" branch="false"/>
            <line number="245" hits="9" branch="false"/>
            <line number="246" hits="9" branch="false"/>
            <line number="247" hits="9" branch="false"/>
            <line number="249" hits="9" branch="false"/>
            <line number="254" hits="2700" branch="false"/>
            <line number="256" hits="2562" branch="false"/>
            <line number="261" hits="2700" branch="false"/>
            <line number="262" hits="2700" branch="false"/>
            <line number="263" hits="2700" branch="false"/>
            <line number="264" hits="2700" branch="false"/>
            <line number="265" hits="2700" branch="false"/>
            <line number="266" hits="2700" branch="false"/>
            <line number="267" hits="2700" branch="false"/>
            <line number="272" hits="2700" branch="false"/>
            <line number="273" hits="2700" branch="false"/>
            <line number="274" hits="2700" branch="false"/>
            <line number="302" hits="9" branch="false"/>
            <line number="303" hits="9" branch="false"/>
            <line number="305" hits="9" branch="false"/>
            <line number="306" hits="0" branch="false"/>
            <line number="307" hits="9" branch="false"/>
            <line number="310" hits="9" branch="false"/>
            <line number="311" hits="9" branch="false"/>
            <line number="313" hits="9" branch="false"/>
            <line number="314" hits="9" branch="false"/>
            <line number="316" hits="9" branch="false"/>
            <line number="317" hits="9" branch="false"/>
            <line number="318" hits="9" branch="false"/>
            <line number="319" hits="9" branch="false"/>
            <line number="320" hits="9" branch="false"/>
            <line number="322" hits="9" branch="false"/>
            <line number="324" hits="9" branch="false"/>
            <line number="325" hits="9" branch="false"/>
            <line number="326" hits="9" branch="false"/>
            <line number="329" hits="9" branch="false"/>
            <line number="330" hits="9" branch="false"/>
            <line number="331" hits="9" branch="false"/>
            <line number="333" hits="9" branch="false"/>
            <line number="334" hits="9" branch="false"/>
            <line number="335" hits="9" branch="false"/>
            <line number="336" hits="9" branch="false"/>
            <line number="337" hits="9" branch="false"/>
            <line number="338" hits="9" branch="false"/>
            <line number="339" hits="9" branch="false"/>
            <line number="340" hits="9" branch="false"/>
            <line number="341" hits="9" branch="false"/>
            <line number="342" hits="9" branch="false"/>
            <line number="344" hits="9" branch="false"/>
            <line number="345" hits="9" branch="false"/>
            <line number="346" hits="9" branch="false"/>
            <line number="347" hits="9" branch="false"/>
            <line number="348" hits="9" branch="false"/>
            <line number="350" hits="9" branch="false"/>
            <line number="351" hits="9" branch="false"/>
            <line number="352" hits="9" branch="false"/>
            <line number="353" hits="9" branch="false"/>
            <line number="354" hits="9" branch="false"/>
            <line number="355" hits="9" branch="false"/>
            <line number="356" hits="9" branch="false"/>
            <line number="357" hits="9" branch="false"/>
            <line number="358" hits="9" branch="false"/>
            <line number="359" hits="9" branch="false"/>
            <line number="360" hits="9" branch="false"/>
            <line number="361" hits="9" branch="false"/>
            <line number="362" hits="9" branch="false"/>
            <line number="363" hits="9" branch="false"/>
            <line number="364" hits="9" branch="false"/>
            <line number="365" hits="9" branch="false"/>
            <line number="366" hits="9" branch="false"/>
            <line number="367" hits="9" branch="false"/>
            <line number="368" hits="9" branch="false"/>
            <line number="369" hits="9" branch="false"/>
            <line number="370" hits="9" branch="false"/>
            <line number="371" hits="9" branch="false"/>
            <line number="372" hits="9" branch="false"/>
            <line number="373" hits="0" branch="false"/>
            <line number="374" hits="0" branch="false"/>
            <line number="375" hits="9" branch="false"/>
            <line number="376" hits="9" branch="false"/>
            <line number="377" hits="9" branch="false"/>
            <line number="378" hits="9" branch="false"/>
            <line number="379" hits="9" branch="false"/>
            <line number="380" hits="9" branch="false"/>
            <line number="381" hits="9" branch="false"/>
            <line number="382" hits="9" branch="false"/>
            <line number="383" hits="9" branch="false"/>
            <line number="384" hits="9" branch="false"/>
            <line number="385" hits="9" branch="false"/>
            <line number="386" hits="9" branch="false"/>
            <line number="387" hits="9" branch="false"/>
            <line number="388" hits="9" branch="false"/>
            <line number="389" hits="0" branch="false"/>
            <line number="390" hits="9" branch="false"/>
            <line number="391" hits="9" branch="false"/>
            <line number="392" hits="9" branch="false"/>
            <line number="393" hits="9" branch="false"/>
            <line number="394" hits="9" branch="false"/>
            <line number="395" hits="9" branch="false"/>
            <line number="396" hits="9" branch="false"/>
            <line number="397" hits="9" branch="false"/>
            <line number="398" hits="9" branch="false"/>
            <line number="399" hits="9" branch="false"/>
            <line number="400" hits="9" branch="false"/>
            <line number="401" hits="0" branch="false"/>
            <line number="402" hits="9" branch="false"/>
            <line number="403" hits="9" branch="false"/>
            <line number="404" hits="9" branch="false"/>
            <line number="405" hits="9" branch="false"/>
            <line number="406" hits="9" branch="false"/>
            <line number="407" hits="9" branch="false"/>
            <line number="408" hits="9" branch="false"/>
            <line number="409" hits="9" branch="false"/>
            <line number="410" hits="9" branch="false"/>
            <line number="411" hits="9" branch="false"/>
            <line number="412" hits="9" branch="false"/>
            <line number="413" hits="9" branch="false"/>
            <line number="414" hits="9" branch="false"/>
            <line number="415" hits="9" branch="false"/>
            <line number="416" hits="9" branch="false"/>
            <line number="417" hits="9" branch="false"/>
            <line number="418" hits="9" branch="false"/>
            <line number="419" hits="9" branch="false"/>
            <line number="420" hits="9" branch="false"/>
            <line number="421" hits="0" branch="false"/>
            <line number="422" hits="9" branch="false"/>
            <line number="423" hits="9" branch="false"/>
            <line number="424" hits="9" branch="false"/>
            <line number="425" hits="9" branch="false"/>
            <line number="426" hits="9" branch="false"/>
            <line number="427" hits="9" branch="false"/>
            <line number="428" hits="9" branch="false"/>
            <line number="429" hits="9" branch="false"/>
            <line number="431" hits="9" branch="false"/>
            <line number="432" hits="9" branch="false"/>
            <line number="435" hits="9" branch="false"/>
            <line number="436" hits="9" branch="false"/>
            <line number="439" hits="9" branch="false"/>
            <line number="440" hits="9" branch="false"/>
            <line number="441" hits="9" branch="false"/>
            <line number="442" hits="9" branch="false"/>
            <line number="443" hits="9" branch="false"/>
            <line number="444" hits="9" branch="false"/>
            <line number="445" hits="9" branch="false"/>
            <line number="448" hits="9" branch="false"/>
            <line number="449" hits="0" branch="false"/>
            <line number="450" hits="0" branch="false"/>
            <line number="451" hits="0" branch="false"/>
            <line number="452" hits="0" branch="false"/>
            <line number="453" hits="0" branch="false"/>
            <line number="454" hits="0" branch="false"/>
            <line number="455" hits="0" branch="false"/>
            <line number="456" hits="0" branch="false"/>
            <line number="457" hits="0" branch="false"/>
            <line number="458" hits="9" branch="false"/>
            <line number="459" hits="0" branch="false"/>
            <line number="460" hits="9" branch="false"/>
            <line number="461" hits="0" branch="false"/>
            <line number="462" hits="0" branch="false"/>
            <line number="463" hits="0" branch="false"/>
            <line number="464" hits="0" branch="false"/>
            <line number="465" hits="0" branch="false"/>
            <line number="466" hits="0" branch="false"/>
            <line number="467" hits="0" branch="false"/>
            <line number="468" hits="9" branch="false"/>
            <line number="469" hits="0" branch="false"/>
            <line number="470" hits="0" branch="false"/>
            <line number="471" hits="0" branch="false"/>
            <line number="472" hits="9" branch="false"/>
            <line number="473" hits="0" branch="false"/>
            <line number="474" hits="0" branch="false"/>
            <line number="475" hits="0" branch="false"/>
            <line number="476" hits="0" branch="false"/>
            <line number="477" hits="0" branch="false"/>
            <line number="478" hits="9" branch="false"/>
            <line number="479" hits="0" branch="false"/>
            <line number="480" hits="0" branch="false"/>
            <line number="481" hits="9" branch="false"/>
            <line number="482" hits="0" branch="false"/>
            <line number="483" hits="0" branch="false"/>
            <line number="484" hits="0" branch="false"/>
            <line number="485" hits="0" branch="false"/>
            <line number="486" hits="0" branch="false"/>
            <line number="487" hits="0" branch="false"/>
            <line number="488" hits="0" branch="false"/>
            <line number="489" hits="0" branch="false"/>
            <line number="490" hits="9" branch="false"/>
            <line number="491" hits="0" branch="false"/>
            <line number="492" hits="0" branch="false"/>
            <line number="493" hits="0" branch="false"/>
            <line number="494" hits="0" branch="false"/>
            <line number="495" hits="0" branch="false"/>
            <line number="496" hits="0" branch="false"/>
            <line number="497" hits="9" branch="false"/>
            <line number="498" hits="9" branch="false"/>
            <line number="500" hits="9" branch="false"/>
            <line number="501" hits="9" branch="false"/>
            <line number="502" hits="9" branch="false"/>
            <line number="503" hits="9" branch="false"/>
            <line number="504" hits="9" branch="false"/>
          </lines>
        </class>
        <class name="landscape_functions.R" filename="R/landscape_functions.R" line-rate="0.992307692307692" branch-rate="0" complexity="0">
          <methods>
            <method name="gen_land" signature="NA" line-rate="1" branch-rate="0">
              <lines>
                <line number="12" hits="9" branch="false"/>
                <line number="13" hits="9" branch="false"/>
                <line number="15" hits="9" branch="false"/>
                <line number="18" hits="9" branch="false"/>
                <line number="21" hits="9" branch="false"/>
                <line number="22" hits="9" branch="false"/>
                <line number="23" hits="9" branch="false"/>
                <line number="24" hits="9" branch="false"/>
                <line number="25" hits="9" branch="false"/>
                <line number="26" hits="9" branch="false"/>
                <line number="29" hits="9" branch="false"/>
                <line number="30" hits="9" branch="false"/>
                <line number="31" hits="9" branch="false"/>
                <line number="32" hits="9" branch="false"/>
                <line number="33" hits="9" branch="false"/>
                <line number="34" hits="9" branch="false"/>
                <line number="39" hits="9" branch="false"/>
                <line number="40" hits="9" branch="false"/>
                <line number="41" hits="9" branch="false"/>
                <line number="42" hits="9" branch="false"/>
                <line number="43" hits="9" branch="false"/>
                <line number="44" hits="9" branch="false"/>
                <line number="45" hits="9" branch="false"/>
                <line number="46" hits="9" branch="false"/>
                <line number="47" hits="9" branch="false"/>
                <line number="48" hits="9" branch="false"/>
                <line number="49" hits="9" branch="false"/>
                <line number="50" hits="9" branch="false"/>
                <line number="53" hits="9" branch="false"/>
                <line number="54" hits="9" branch="false"/>
                <line number="55" hits="9" branch="false"/>
                <line number="56" hits="9" branch="false"/>
                <line number="57" hits="9" branch="false"/>
                <line number="58" hits="9" branch="false"/>
                <line number="59" hits="9" branch="false"/>
                <line number="60" hits="9" branch="false"/>
                <line number="61" hits="9" branch="false"/>
                <line number="63" hits="9" branch="false"/>
                <line number="67" hits="9" branch="false"/>
              </lines>
            </method>
            <method name="getIdsSpatial_" signature="NA" line-rate="1" branch-rate="0">
              <lines>
                <line number="77" hits="480602" branch="false"/>
                <line number="78" hits="480602" branch="false"/>
              </lines>
            </method>
            <method name="getIdsSpatialPolygons" signature="NA" line-rate="1" branch-rate="0">
              <lines>
                <line number="88" hits="11202" branch="false"/>
              </lines>
            </method>
            <method name="getIdsSpatialLines" signature="NA" line-rate="1" branch-rate="0">
              <lines>
                <line number="98" hits="11171" branch="false"/>
              </lines>
            </method>
            <method name="affect_polygons_type" signature="NA" line-rate="1" branch-rate="0">
              <lines>
                <line number="110" hits="12" branch="false"/>
                <line number="112" hits="12" branch="false"/>
                <line number="114" hits="12" branch="false"/>
                <line number="116" hits="12" branch="false"/>
              </lines>
            </method>
            <method name="affect_lines_type" signature="NA" line-rate="1" branch-rate="0">
              <lines>
                <line number="128" hits="12" branch="false"/>
                <line number="130" hits="12" branch="false"/>
                <line number="132" hits="12" branch="false"/>
                <line number="134" hits="12" branch="false"/>
                <line number="136" hits="12" branch="false"/>
                <line number="137" hits="12" branch="false"/>
                <line number="139" hits="12" branch="false"/>
              </lines>
            </method>
            <method name="get_neighbours" signature="NA" line-rate="1" branch-rate="0">
              <lines>
                <line number="148" hits="5" branch="false"/>
                <line number="149" hits="5" branch="false"/>
              </lines>
            </method>
            <method name="getCoordsSpatial_" signature="NA" line-rate="1" branch-rate="0">
              <lines>
                <line number="163" hits="458229" branch="false"/>
                <line number="165" hits="458229" branch="false"/>
                <line number="167" hits="458229" branch="false"/>
                <line number="169" hits="458229" branch="false"/>
                <line number="170" hits="458229" branch="false"/>
                <line number="171" hits="458229" branch="false"/>
                <line number="172" hits="458229" branch="false"/>
                <line number="173" hits="458229" branch="false"/>
                <line number="174" hits="458229" branch="false"/>
                <line number="176" hits="458229" branch="false"/>
              </lines>
            </method>
            <method name="getCoordsSpatialPolygons" signature="NA" line-rate="1" branch-rate="0">
              <lines>
                <line number="189" hits="111878" branch="false"/>
              </lines>
            </method>
            <method name="getCoordsSpatialLines" signature="NA" line-rate="1" branch-rate="0">
              <lines>
                <line number="202" hits="346351" branch="false"/>
              </lines>
            </method>
            <method name="commun_coords" signature="NA" line-rate="1" branch-rate="0">
              <lines>
                <line number="216" hits="4" branch="false"/>
                <line number="217" hits="4" branch="false"/>
                <line number="218" hits="4" branch="false"/>
                <line number="221" hits="4" branch="false"/>
                <line number="224" hits="4" branch="false"/>
                <line number="227" hits="4" branch="false"/>
                <line number="230" hits="4" branch="false"/>
                <line number="231" hits="4" branch="false"/>
                <line number="232" hits="1" branch="false"/>
                <line number="233" hits="4" branch="false"/>
                <line number="235" hits="4" branch="false"/>
              </lines>
            </method>
            <method name="extract_lines" signature="NA" line-rate="0.980392156862745" branch-rate="0">
              <lines>
                <line number="247" hits="12" branch="false"/>
                <line number="249" hits="12" branch="false"/>
                <line number="250" hits="12" branch="false"/>
                <line number="251" hits="12" branch="false"/>
                <line number="252" hits="12" branch="false"/>
                <line number="253" hits="12" branch="false"/>
                <line number="254" hits="12" branch="false"/>
                <line number="255" hits="12" branch="false"/>
                <line number="256" hits="12" branch="false"/>
                <line number="257" hits="12" branch="false"/>
                <line number="258" hits="12" branch="false"/>
                <line number="259" hits="12" branch="false"/>
                <line number="260" hits="12" branch="false"/>
                <line number="261" hits="12" branch="false"/>
                <line number="262" hits="12" branch="false"/>
                <line number="263" hits="12" branch="false"/>
                <line number="264" hits="12" branch="false"/>
                <line number="265" hits="12" branch="false"/>
                <line number="266" hits="12" branch="false"/>
                <line number="267" hits="12" branch="false"/>
                <line number="268" hits="12" branch="false"/>
                <line number="269" hits="12" branch="false"/>
                <line number="270" hits="0" branch="false"/>
                <line number="271" hits="12" branch="false"/>
                <line number="272" hits="12" branch="false"/>
                <line number="273" hits="12" branch="false"/>
                <line number="274" hits="12" branch="false"/>
                <line number="275" hits="12" branch="false"/>
                <line number="276" hits="12" branch="false"/>
                <line number="277" hits="12" branch="false"/>
                <line number="278" hits="12" branch="false"/>
                <line number="279" hits="12" branch="false"/>
                <line number="280" hits="12" branch="false"/>
                <line number="281" hits="12" branch="false"/>
                <line number="282" hits="12" branch="false"/>
                <line number="283" hits="12" branch="false"/>
                <line number="284" hits="12" branch="false"/>
                <line number="285" hits="12" branch="false"/>
                <line number="286" hits="12" branch="false"/>
                <line number="289" hits="12" branch="false"/>
                <line number="290" hits="12" branch="false"/>
                <line number="291" hits="12" branch="false"/>
                <line number="292" hits="12" branch="false"/>
                <line number="293" hits="12" branch="false"/>
                <line number="294" hits="12" branch="false"/>
                <line number="295" hits="12" branch="false"/>
                <line number="296" hits="12" branch="false"/>
                <line number="297" hits="12" branch="false"/>
                <line number="298" hits="12" branch="false"/>
                <line number="299" hits="12" branch="false"/>
                <line number="300" hits="12" branch="false"/>
              </lines>
            </method>
          </methods>
          <lines>
            <line number="12" hits="9" branch="false"/>
            <line number="13" hits="9" branch="false"/>
            <line number="15" hits="9" branch="false"/>
            <line number="18" hits="9" branch="false"/>
            <line number="21" hits="9" branch="false"/>
            <line number="22" hits="9" branch="false"/>
            <line number="23" hits="9" branch="false"/>
            <line number="24" hits="9" branch="false"/>
            <line number="25" hits="9" branch="false"/>
            <line number="26" hits="9" branch="false"/>
            <line number="29" hits="9" branch="false"/>
            <line number="30" hits="9" branch="false"/>
            <line number="31" hits="9" branch="false"/>
            <line number="32" hits="9" branch="false"/>
            <line number="33" hits="9" branch="false"/>
            <line number="34" hits="9" branch="false"/>
            <line number="39" hits="9" branch="false"/>
            <line number="40" hits="9" branch="false"/>
            <line number="41" hits="9" branch="false"/>
            <line number="42" hits="9" branch="false"/>
            <line number="43" hits="9" branch="false"/>
            <line number="44" hits="9" branch="false"/>
            <line number="45" hits="9" branch="false"/>
            <line number="46" hits="9" branch="false"/>
            <line number="47" hits="9" branch="false"/>
            <line number="48" hits="9" branch="false"/>
            <line number="49" hits="9" branch="false"/>
            <line number="50" hits="9" branch="false"/>
            <line number="53" hits="9" branch="false"/>
            <line number="54" hits="9" branch="false"/>
            <line number="55" hits="9" branch="false"/>
            <line number="56" hits="9" branch="false"/>
            <line number="57" hits="9" branch="false"/>
            <line number="58" hits="9" branch="false"/>
            <line number="59" hits="9" branch="false"/>
            <line number="60" hits="9" branch="false"/>
            <line number="61" hits="9" branch="false"/>
            <line number="63" hits="9" branch="false"/>
            <line number="67" hits="9" branch="false"/>
            <line number="77" hits="480602" branch="false"/>
            <line number="78" hits="480602" branch="false"/>
            <line number="88" hits="11202" branch="false"/>
            <line number="98" hits="11171" branch="false"/>
            <line number="110" hits="12" branch="false"/>
            <line number="112" hits="12" branch="false"/>
            <line number="114" hits="12" branch="false"/>
            <line number="116" hits="12" branch="false"/>
            <line number="128" hits="12" branch="false"/>
            <line number="130" hits="12" branch="false"/>
            <line number="132" hits="12" branch="false"/>
            <line number="134" hits="12" branch="false"/>
            <line number="136" hits="12" branch="false"/>
            <line number="137" hits="12" branch="false"/>
            <line number="139" hits="12" branch="false"/>
            <line number="148" hits="5" branch="false"/>
            <line number="149" hits="5" branch="false"/>
            <line number="163" hits="458229" branch="false"/>
            <line number="165" hits="458229" branch="false"/>
            <line number="167" hits="458229" branch="false"/>
            <line number="169" hits="458229" branch="false"/>
            <line number="170" hits="458229" branch="false"/>
            <line number="171" hits="458229" branch="false"/>
            <line number="172" hits="458229" branch="false"/>
            <line number="173" hits="458229" branch="false"/>
            <line number="174" hits="458229" branch="false"/>
            <line number="176" hits="458229" branch="false"/>
            <line number="189" hits="111878" branch="false"/>
            <line number="202" hits="346351" branch="false"/>
            <line number="216" hits="4" branch="false"/>
            <line number="217" hits="4" branch="false"/>
            <line number="218" hits="4" branch="false"/>
            <line number="221" hits="4" branch="false"/>
            <line number="224" hits="4" branch="false"/>
            <line number="227" hits="4" branch="false"/>
            <line number="230" hits="4" branch="false"/>
            <line number="231" hits="4" branch="false"/>
            <line number="232" hits="1" branch="false"/>
            <line number="233" hits="4" branch="false"/>
            <line number="235" hits="4" branch="false"/>
            <line number="247" hits="12" branch="false"/>
            <line number="249" hits="12" branch="false"/>
            <line number="250" hits="12" branch="false"/>
            <line number="251" hits="12" branch="false"/>
            <line number="252" hits="12" branch="false"/>
            <line number="253" hits="12" branch="false"/>
            <line number="254" hits="12" branch="false"/>
            <line number="255" hits="12" branch="false"/>
            <line number="256" hits="12" branch="false"/>
            <line number="257" hits="12" branch="false"/>
            <line number="258" hits="12" branch="false"/>
            <line number="259" hits="12" branch="false"/>
            <line number="260" hits="12" branch="false"/>
            <line number="261" hits="12" branch="false"/>
            <line number="262" hits="12" branch="false"/>
            <line number="263" hits="12" branch="false"/>
            <line number="264" hits="12" branch="false"/>
            <line number="265" hits="12" branch="false"/>
            <line number="266" hits="12" branch="false"/>
            <line number="267" hits="12" branch="false"/>
            <line number="268" hits="12" branch="false"/>
            <line number="269" hits="12" branch="false"/>
            <line number="270" hits="0" branch="false"/>
            <line number="271" hits="12" branch="false"/>
            <line number="272" hits="12" branch="false"/>
            <line number="273" hits="12" branch="false"/>
            <line number="274" hits="12" branch="false"/>
            <line number="275" hits="12" branch="false"/>
            <line number="276" hits="12" branch="false"/>
            <line number="277" hits="12" branch="false"/>
            <line number="278" hits="12" branch="false"/>
            <line number="279" hits="12" branch="false"/>
            <line number="280" hits="12" branch="false"/>
            <line number="281" hits="12" branch="false"/>
            <line number="282" hits="12" branch="false"/>
            <line number="283" hits="12" branch="false"/>
            <line number="284" hits="12" branch="false"/>
            <line number="285" hits="12" branch="false"/>
            <line number="286" hits="12" branch="false"/>
            <line number="289" hits="12" branch="false"/>
            <line number="290" hits="12" branch="false"/>
            <line number="291" hits="12" branch="false"/>
            <line number="292" hits="12" branch="false"/>
            <line number="293" hits="12" branch="false"/>
            <line number="294" hits="12" branch="false"/>
            <line number="295" hits="12" branch="false"/>
            <line number="296" hits="12" branch="false"/>
            <line number="297" hits="12" branch="false"/>
            <line number="298" hits="12" branch="false"/>
            <line number="299" hits="12" branch="false"/>
            <line number="300" hits="12" branch="false"/>
          </lines>
        </class>
        <class name="landscape.R" filename="R/landscape.R" line-rate="0" branch-rate="0" complexity="0">
          <methods>
            <method name="initialize" signature="NA" line-rate="0.613636363636364" branch-rate="0">
              <lines>
                <line number="22" hits="0" branch="false"/>
                <line number="23" hits="0" branch="false"/>
                <line number="24" hits="0" branch="false"/>
                <line number="27" hits="0" branch="false"/>
                <line number="29" hits="0" branch="false"/>
                <line number="148" hits="0" branch="false"/>
                <line number="363" hits="0" branch="false"/>
                <line number="364" hits="0" branch="false"/>
                <line number="365" hits="0" branch="false"/>
                <line number="366" hits="0" branch="false"/>
                <line number="367" hits="0" branch="false"/>
                <line number="368" hits="0" branch="false"/>
                <line number="163" hits="9" branch="false"/>
                <line number="164" hits="9" branch="false"/>
                <line number="165" hits="1" branch="false"/>
                <line number="166" hits="9" branch="false"/>
                <line number="167" hits="8" branch="false"/>
                <line number="168" hits="8" branch="false"/>
                <line number="169" hits="1" branch="false"/>
                <line number="170" hits="8" branch="false"/>
                <line number="171" hits="7" branch="false"/>
                <line number="172" hits="7" branch="false"/>
                <line number="173" hits="1" branch="false"/>
                <line number="174" hits="7" branch="false"/>
                <line number="285" hits="5" branch="false"/>
                <line number="286" hits="5" branch="false"/>
                <line number="287" hits="1" branch="false"/>
                <line number="288" hits="5" branch="false"/>
                <line number="290" hits="4" branch="false"/>
                <line number="291" hits="4" branch="false"/>
                <line number="292" hits="2" branch="false"/>
                <line number="293" hits="4" branch="false"/>
                <line number="295" hits="2" branch="false"/>
                <line number="296" hits="2" branch="false"/>
                <line number="297" hits="0" branch="false"/>
                <line number="298" hits="2" branch="false"/>
                <line number="300" hits="2" branch="false"/>
                <line number="301" hits="2" branch="false"/>
                <line number="302" hits="2" branch="false"/>
                <line number="303" hits="2" branch="false"/>
                <line number="599" hits="0" branch="false"/>
                <line number="600" hits="0" branch="false"/>
                <line number="601" hits="0" branch="false"/>
                <line number="602" hits="0" branch="false"/>
              </lines>
            </method>
            <method name="get_id" signature="NA" line-rate="0.666666666666667" branch-rate="0">
              <lines>
                <line number="36" hits="0" branch="false"/>
                <line number="185" hits="20" branch="false"/>
                <line number="312" hits="2" branch="false"/>
              </lines>
            </method>
            <method name="get_potential" signature="NA" line-rate="0" branch-rate="0">
              <lines>
                <line number="43" hits="0" branch="false"/>
              </lines>
            </method>
            <method name="get_dx" signature="NA" line-rate="0" branch-rate="0">
              <lines>
                <line number="50" hits="0" branch="false"/>
              </lines>
            </method>
            <method name="get_dy" signature="NA" line-rate="0" branch-rate="0">
              <lines>
                <line number="57" hits="0" branch="false"/>
              </lines>
            </method>
            <method name="set_id" signature="NA" line-rate="0.923076923076923" branch-rate="0">
              <lines>
                <line number="64" hits="0" branch="false"/>
                <line number="213" hits="11" branch="false"/>
                <line number="214" hits="11" branch="false"/>
                <line number="215" hits="9" branch="false"/>
                <line number="216" hits="9" branch="false"/>
                <line number="217" hits="11" branch="false"/>
                <line number="218" hits="2" branch="false"/>
                <line number="415" hits="5" branch="false"/>
                <line number="416" hits="5" branch="false"/>
                <line number="417" hits="4" branch="false"/>
                <line number="418" hits="4" branch="false"/>
                <line number="419" hits="5" branch="false"/>
                <line number="420" hits="1" branch="false"/>
              </lines>
            </method>
            <method name="set_potential" signature="NA" line-rate="0" branch-rate="0">
              <lines>
                <line number="78" hits="0" branch="false"/>
                <line number="79" hits="0" branch="false"/>
                <line number="80" hits="0" branch="false"/>
                <line number="81" hits="0" branch="false"/>
                <line number="82" hits="0" branch="false"/>
                <line number="83" hits="0" branch="false"/>
                <line number="84" hits="0" branch="false"/>
                <line number="85" hits="0" branch="false"/>
                <line number="86" hits="0" branch="false"/>
                <line number="87" hits="0" branch="false"/>
                <line number="88" hits="0" branch="false"/>
                <line number="89" hits="0" branch="false"/>
                <line number="90" hits="0" branch="false"/>
                <line number="91" hits="0" branch="false"/>
                <line number="92" hits="0" branch="false"/>
                <line number="93" hits="0" branch="false"/>
                <line number="94" hits="0" branch="false"/>
                <line number="97" hits="0" branch="false"/>
                <line number="98" hits="0" branch="false"/>
                <line number="99" hits="0" branch="false"/>
                <line number="100" hits="0" branch="false"/>
                <line number="101" hits="0" branch="false"/>
                <line number="104" hits="0" branch="false"/>
                <line number="105" hits="0" branch="false"/>
                <line number="106" hits="0" branch="false"/>
                <line number="107" hits="0" branch="false"/>
                <line number="108" hits="0" branch="false"/>
                <line number="111" hits="0" branch="false"/>
                <line number="112" hits="0" branch="false"/>
                <line number="113" hits="0" branch="false"/>
                <line number="114" hits="0" branch="false"/>
                <line number="115" hits="0" branch="false"/>
                <line number="117" hits="0" branch="false"/>
                <line number="235" hits="0" branch="false"/>
                <line number="237" hits="0" branch="false"/>
                <line number="238" hits="0" branch="false"/>
                <line number="239" hits="0" branch="false"/>
                <line number="240" hits="0" branch="false"/>
                <line number="241" hits="0" branch="false"/>
                <line number="242" hits="0" branch="false"/>
                <line number="243" hits="0" branch="false"/>
                <line number="244" hits="0" branch="false"/>
                <line number="245" hits="0" branch="false"/>
                <line number="246" hits="0" branch="false"/>
                <line number="247" hits="0" branch="false"/>
                <line number="248" hits="0" branch="false"/>
                <line number="249" hits="0" branch="false"/>
                <line number="250" hits="0" branch="false"/>
                <line number="251" hits="0" branch="false"/>
                <line number="252" hits="0" branch="false"/>
                <line number="253" hits="0" branch="false"/>
                <line number="254" hits="0" branch="false"/>
                <line number="255" hits="0" branch="false"/>
                <line number="256" hits="0" branch="false"/>
                <line number="257" hits="0" branch="false"/>
                <line number="258" hits="0" branch="false"/>
                <line number="259" hits="0" branch="false"/>
              </lines>
            </method>
            <method name="dx" signature="NA" line-rate="0" branch-rate="0">
              <lines>
                <line number="125" hits="0" branch="false"/>
              </lines>
            </method>
            <method name="dy" signature="NA" line-rate="0" branch-rate="0">
              <lines>
                <line number="128" hits="0" branch="false"/>
              </lines>
            </method>
            <method name="is_PotentialPolygon" signature="NA" line-rate="0" branch-rate="0">
              <lines>
                <line number="136" hits="0" branch="false"/>
              </lines>
            </method>
            <method name="get_potentialpolygon" signature="NA" line-rate="0" branch-rate="0">
              <lines>
                <line number="158" hits="0" branch="false"/>
                <line number="160" hits="0" branch="false"/>
                <line number="161" hits="0" branch="false"/>
                <line number="162" hits="0" branch="false"/>
                <line number="163" hits="0" branch="false"/>
                <line number="165" hits="0" branch="false"/>
              </lines>
            </method>
            <method name="get_ids" signature="NA" line-rate="0" branch-rate="0">
              <lines>
                <line number="172" hits="0" branch="false"/>
              </lines>
            </method>
            <method name="get_potentials" signature="NA" line-rate="0" branch-rate="0">
              <lines>
                <line number="183" hits="0" branch="false"/>
              </lines>
            </method>
            <method name="get_dxs" signature="NA" line-rate="0" branch-rate="0">
              <lines>
                <line number="194" hits="0" branch="false"/>
              </lines>
            </method>
            <method name="get_dys" signature="NA" line-rate="0" branch-rate="0">
              <lines>
                <line number="205" hits="0" branch="false"/>
              </lines>
            </method>
            <method name="set_potentialpolygons" signature="NA" line-rate="0" branch-rate="0">
              <lines>
                <line number="214" hits="0" branch="false"/>
                <line number="215" hits="0" branch="false"/>
                <line number="216" hits="0" branch="false"/>
                <line number="217" hits="0" branch="false"/>
                <line number="218" hits="0" branch="false"/>
                <line number="220" hits="0" branch="false"/>
              </lines>
            </method>
            <method name="get_potential_" signature="NA" line-rate="0" branch-rate="0">
              <lines>
                <line number="273" hits="0" branch="false"/>
                <line number="275" hits="0" branch="false"/>
                <line number="276" hits="0" branch="false"/>
                <line number="278" hits="0" branch="false"/>
                <line number="279" hits="0" branch="false"/>
                <line number="280" hits="0" branch="false"/>
                <line number="281" hits="0" branch="false"/>
                <line number="282" hits="0" branch="false"/>
              </lines>
            </method>
            <method name="get_potentials_" signature="NA" line-rate="0" branch-rate="0">
              <lines>
                <line number="296" hits="0" branch="false"/>
                <line number="297" hits="0" branch="false"/>
                <line number="298" hits="0" branch="false"/>
                <line number="299" hits="0" branch="false"/>
                <line number="300" hits="0" branch="false"/>
                <line number="302" hits="0" branch="false"/>
                <line number="304" hits="0" branch="false"/>
                <line number="305" hits="0" branch="false"/>
                <line number="306" hits="0" branch="false"/>
                <line number="307" hits="0" branch="false"/>
                <line number="308" hits="0" branch="false"/>
                <line number="310" hits="0" branch="false"/>
              </lines>
            </method>
            <method name="set_potentialpolygon" signature="NA" line-rate="0" branch-rate="0">
              <lines>
                <line number="318" hits="0" branch="false"/>
                <line number="319" hits="0" branch="false"/>
                <line number="320" hits="0" branch="false"/>
                <line number="321" hits="0" branch="false"/>
                <line number="323" hits="0" branch="false"/>
                <line number="326" hits="0" branch="false"/>
                <line number="327" hits="0" branch="false"/>
                <line number="328" hits="0" branch="false"/>
                <line number="329" hits="0" branch="false"/>
                <line number="330" hits="0" branch="false"/>
                <line number="331" hits="0" branch="false"/>
                <line number="332" hits="0" branch="false"/>
                <line number="333" hits="0" branch="false"/>
                <line number="334" hits="0" branch="false"/>
                <line number="335" hits="0" branch="false"/>
                <line number="336" hits="0" branch="false"/>
              </lines>
            </method>
            <method name="is_PotentialPolygons" signature="NA" line-rate="0" branch-rate="0">
              <lines>
                <line number="344" hits="0" branch="false"/>
              </lines>
            </method>
            <method name="get_landscape" signature="NA" line-rate="0" branch-rate="0">
              <lines>
                <line number="375" hits="0" branch="false"/>
              </lines>
            </method>
            <method name="get_interaction_model" signature="NA" line-rate="0" branch-rate="0">
              <lines>
                <line number="382" hits="0" branch="false"/>
              </lines>
            </method>
            <method name="get_neighbours_id" signature="NA" line-rate="0" branch-rate="0">
              <lines>
                <line number="392" hits="0" branch="false"/>
                <line number="394" hits="0" branch="false"/>
                <line number="395" hits="0" branch="false"/>
                <line number="396" hits="0" branch="false"/>
                <line number="397" hits="0" branch="false"/>
                <line number="398" hits="0" branch="false"/>
                <line number="399" hits="0" branch="false"/>
                <line number="400" hits="0" branch="false"/>
                <line number="401" hits="0" branch="false"/>
              </lines>
            </method>
            <method name="get_potential_coord" signature="NA" line-rate="0" branch-rate="0">
              <lines>
                <line number="412" hits="0" branch="false"/>
                <line number="414" hits="0" branch="false"/>
                <line number="415" hits="0" branch="false"/>
                <line number="416" hits="0" branch="false"/>
                <line number="417" hits="0" branch="false"/>
                <line number="419" hits="0" branch="false"/>
                <line number="420" hits="0" branch="false"/>
                <line number="421" hits="0" branch="false"/>
                <line number="422" hits="0" branch="false"/>
                <line number="423" hits="0" branch="false"/>
                <line number="425" hits="0" branch="false"/>
              </lines>
            </method>
            <method name="get_dx_coord" signature="NA" line-rate="0" branch-rate="0">
              <lines>
                <line number="436" hits="0" branch="false"/>
                <line number="438" hits="0" branch="false"/>
                <line number="439" hits="0" branch="false"/>
                <line number="440" hits="0" branch="false"/>
                <line number="441" hits="0" branch="false"/>
                <line number="443" hits="0" branch="false"/>
                <line number="444" hits="0" branch="false"/>
                <line number="445" hits="0" branch="false"/>
                <line number="446" hits="0" branch="false"/>
                <line number="447" hits="0" branch="false"/>
                <line number="449" hits="0" branch="false"/>
              </lines>
            </method>
            <method name="get_dy_coord" signature="NA" line-rate="0" branch-rate="0">
              <lines>
                <line number="460" hits="0" branch="false"/>
                <line number="462" hits="0" branch="false"/>
                <line number="463" hits="0" branch="false"/>
                <line number="464" hits="0" branch="false"/>
                <line number="465" hits="0" branch="false"/>
                <line number="467" hits="0" branch="false"/>
                <line number="468" hits="0" branch="false"/>
                <line number="469" hits="0" branch="false"/>
                <line number="470" hits="0" branch="false"/>
                <line number="471" hits="0" branch="false"/>
                <line number="473" hits="0" branch="false"/>
              </lines>
            </method>
            <method name="set_landscape" signature="NA" line-rate="0" branch-rate="0">
              <lines>
                <line number="483" hits="0" branch="false"/>
                <line number="484" hits="0" branch="false"/>
                <line number="485" hits="0" branch="false"/>
                <line number="487" hits="0" branch="false"/>
                <line number="488" hits="0" branch="false"/>
                <line number="489" hits="0" branch="false"/>
                <line number="490" hits="0" branch="false"/>
                <line number="492" hits="0" branch="false"/>
              </lines>
            </method>
            <method name="set_interaction_model" signature="NA" line-rate="0" branch-rate="0">
              <lines>
                <line number="499" hits="0" branch="false"/>
                <line number="500" hits="0" branch="false"/>
                <line number="501" hits="0" branch="false"/>
                <line number="502" hits="0" branch="false"/>
                <line number="503" hits="0" branch="false"/>
                <line number="504" hits="0" branch="false"/>
                <line number="505" hits="0" branch="false"/>
                <line number="506" hits="0" branch="false"/>
                <line number="507" hits="0" branch="false"/>
                <line number="508" hits="0" branch="false"/>
                <line number="509" hits="0" branch="false"/>
              </lines>
            </method>
            <method name="plot_potential" signature="NA" line-rate="0.513888888888889" branch-rate="0">
              <lines>
                <line number="518" hits="0" branch="false"/>
                <line number="519" hits="0" branch="false"/>
                <line number="520" hits="0" branch="false"/>
                <line number="521" hits="0" branch="false"/>
                <line number="524" hits="0" branch="false"/>
                <line number="525" hits="0" branch="false"/>
                <line number="526" hits="0" branch="false"/>
                <line number="527" hits="0" branch="false"/>
                <line number="528" hits="0" branch="false"/>
                <line number="529" hits="0" branch="false"/>
                <line number="530" hits="0" branch="false"/>
                <line number="531" hits="0" branch="false"/>
                <line number="532" hits="0" branch="false"/>
                <line number="533" hits="0" branch="false"/>
                <line number="534" hits="0" branch="false"/>
                <line number="537" hits="0" branch="false"/>
                <line number="538" hits="0" branch="false"/>
                <line number="541" hits="0" branch="false"/>
                <line number="542" hits="0" branch="false"/>
                <line number="545" hits="0" branch="false"/>
                <line number="548" hits="0" branch="false"/>
                <line number="549" hits="0" branch="false"/>
                <line number="550" hits="0" branch="false"/>
                <line number="553" hits="0" branch="false"/>
                <line number="554" hits="0" branch="false"/>
                <line number="555" hits="0" branch="false"/>
                <line number="556" hits="0" branch="false"/>
                <line number="557" hits="0" branch="false"/>
                <line number="558" hits="0" branch="false"/>
                <line number="561" hits="0" branch="false"/>
                <line number="562" hits="0" branch="false"/>
                <line number="563" hits="0" branch="false"/>
[...]
            <line number="34" hits="111691" branch="false"/>
            <line number="35" hits="111691" branch="false"/>
            <line number="36" hits="111691" branch="false"/>
            <line number="37" hits="111691" branch="false"/>
            <line number="38" hits="100522" branch="false"/>
            <line number="39" hits="100522" branch="false"/>
            <line number="40" hits="100522" branch="false"/>
            <line number="41" hits="100522" branch="false"/>
            <line number="42" hits="100522" branch="false"/>
            <line number="43" hits="100522" branch="false"/>
            <line number="44" hits="111691" branch="false"/>
            <line number="45" hits="100522" branch="false"/>
            <line number="46" hits="100522" branch="false"/>
            <line number="47" hits="100522" branch="false"/>
            <line number="48" hits="100522" branch="false"/>
            <line number="49" hits="100522" branch="false"/>
            <line number="50" hits="100522" branch="false"/>
            <line number="51" hits="100522" branch="false"/>
            <line number="52" hits="100522" branch="false"/>
            <line number="53" hits="100522" branch="false"/>
            <line number="54" hits="100522" branch="false"/>
            <line number="55" hits="100522" branch="false"/>
            <line number="56" hits="100522" branch="false"/>
            <line number="57" hits="100522" branch="false"/>
            <line number="58" hits="100522" branch="false"/>
            <line number="59" hits="111691" branch="false"/>
            <line number="60" hits="100522" branch="false"/>
            <line number="81" hits="11170" branch="false"/>
            <line number="84" hits="11170" branch="false"/>
            <line number="85" hits="11170" branch="false"/>
            <line number="86" hits="11170" branch="false"/>
            <line number="88" hits="11170" branch="false"/>
            <line number="89" hits="11170" branch="false"/>
            <line number="90" hits="11170" branch="false"/>
            <line number="93" hits="11170" branch="false"/>
            <line number="94" hits="11170" branch="false"/>
            <line number="96" hits="11170" branch="false"/>
            <line number="114" hits="22340" branch="false"/>
            <line number="117" hits="22340" branch="false"/>
            <line number="118" hits="22340" branch="false"/>
            <line number="119" hits="11170" branch="false"/>
            <line number="120" hits="22340" branch="false"/>
            <line number="121" hits="22340" branch="false"/>
            <line number="122" hits="22340" branch="false"/>
            <line number="123" hits="11170" branch="false"/>
            <line number="124" hits="22340" branch="false"/>
            <line number="127" hits="22340" branch="false"/>
            <line number="128" hits="22340" branch="false"/>
            <line number="129" hits="22340" branch="false"/>
            <line number="130" hits="22340" branch="false"/>
            <line number="131" hits="22340" branch="false"/>
            <line number="132" hits="22340" branch="false"/>
            <line number="133" hits="22340" branch="false"/>
            <line number="134" hits="22340" branch="false"/>
            <line number="135" hits="22340" branch="false"/>
            <line number="136" hits="22340" branch="false"/>
            <line number="137" hits="22340" branch="false"/>
            <line number="138" hits="22340" branch="false"/>
            <line number="139" hits="22340" branch="false"/>
            <line number="140" hits="22340" branch="false"/>
            <line number="141" hits="22340" branch="false"/>
            <line number="142" hits="22340" branch="false"/>
            <line number="143" hits="22340" branch="false"/>
            <line number="144" hits="22340" branch="false"/>
            <line number="145" hits="22340" branch="false"/>
            <line number="146" hits="22340" branch="false"/>
            <line number="147" hits="22340" branch="false"/>
            <line number="148" hits="22340" branch="false"/>
            <line number="149" hits="22340" branch="false"/>
            <line number="150" hits="22340" branch="false"/>
            <line number="151" hits="22340" branch="false"/>
            <line number="152" hits="22340" branch="false"/>
            <line number="153" hits="22340" branch="false"/>
            <line number="154" hits="22340" branch="false"/>
            <line number="155" hits="22340" branch="false"/>
            <line number="156" hits="22340" branch="false"/>
            <line number="157" hits="22340" branch="false"/>
            <line number="158" hits="22340" branch="false"/>
            <line number="159" hits="22340" branch="false"/>
            <line number="160" hits="22340" branch="false"/>
            <line number="161" hits="22340" branch="false"/>
            <line number="162" hits="22340" branch="false"/>
            <line number="164" hits="22340" branch="false"/>
            <line number="183" hits="3" branch="false"/>
            <line number="184" hits="3" branch="false"/>
            <line number="185" hits="3" branch="false"/>
            <line number="186" hits="3" branch="false"/>
            <line number="189" hits="3" branch="false"/>
            <line number="190" hits="3" branch="false"/>
            <line number="191" hits="3" branch="false"/>
            <line number="192" hits="3" branch="false"/>
            <line number="193" hits="3" branch="false"/>
            <line number="194" hits="3" branch="false"/>
            <line number="195" hits="3" branch="false"/>
            <line number="196" hits="3" branch="false"/>
            <line number="197" hits="3" branch="false"/>
            <line number="198" hits="3" branch="false"/>
            <line number="199" hits="3" branch="false"/>
            <line number="200" hits="3" branch="false"/>
            <line number="201" hits="3" branch="false"/>
            <line number="202" hits="3" branch="false"/>
            <line number="203" hits="3" branch="false"/>
            <line number="204" hits="3" branch="false"/>
            <line number="207" hits="3" branch="false"/>
            <line number="208" hits="3" branch="false"/>
            <line number="212" hits="3" branch="false"/>
            <line number="215" hits="3" branch="false"/>
            <line number="216" hits="3" branch="false"/>
            <line number="217" hits="3" branch="false"/>
            <line number="218" hits="3" branch="false"/>
            <line number="219" hits="3" branch="false"/>
            <line number="220" hits="3" branch="false"/>
            <line number="221" hits="3" branch="false"/>
            <line number="233" hits="3" branch="false"/>
            <line number="234" hits="3" branch="false"/>
            <line number="237" hits="3" branch="false"/>
            <line number="238" hits="3" branch="false"/>
            <line number="239" hits="3" branch="false"/>
            <line number="240" hits="3" branch="false"/>
            <line number="242" hits="3" branch="false"/>
            <line number="267" hits="1" branch="false"/>
            <line number="268" hits="1" branch="false"/>
            <line number="269" hits="1" branch="false"/>
            <line number="270" hits="1" branch="false"/>
            <line number="272" hits="1" branch="false"/>
            <line number="273" hits="1" branch="false"/>
            <line number="274" hits="1" branch="false"/>
            <line number="275" hits="1" branch="false"/>
            <line number="277" hits="1" branch="false"/>
            <line number="278" hits="1" branch="false"/>
            <line number="279" hits="1" branch="false"/>
            <line number="280" hits="1" branch="false"/>
            <line number="281" hits="1" branch="false"/>
            <line number="282" hits="1" branch="false"/>
            <line number="283" hits="1" branch="false"/>
            <line number="285" hits="1" branch="false"/>
            <line number="286" hits="1" branch="false"/>
            <line number="287" hits="1" branch="false"/>
            <line number="288" hits="1" branch="false"/>
            <line number="290" hits="1" branch="false"/>
          </lines>
        </class>
        <class name="utility.R" filename="R/utility.R" line-rate="0" branch-rate="0" complexity="0">
          <methods>
            <method name="get_index" signature="NA" line-rate="0" branch-rate="0">
              <lines>
                <line number="15" hits="0" branch="false"/>
                <line number="16" hits="0" branch="false"/>
                <line number="18" hits="0" branch="false"/>
                <line number="20" hits="0" branch="false"/>
              </lines>
            </method>
          </methods>
          <lines>
            <line number="15" hits="0" branch="false"/>
            <line number="16" hits="0" branch="false"/>
            <line number="18" hits="0" branch="false"/>
            <line number="20" hits="0" branch="false"/>
          </lines>
        </class>
        <class name="simulation.cpp" filename="src/simulation.cpp" line-rate="0.988505747126437" branch-rate="0" complexity="0">
          <methods>
            <method name="NA" signature="NA" line-rate="NA" branch-rate="0">
              <lines/>
            </method>
          </methods>
          <lines>
            <line number="15" hits="27" branch="false"/>
            <line number="22" hits="54" branch="false"/>
            <line number="23" hits="81" branch="false"/>
            <line number="25" hits="27" branch="false"/>
            <line number="30" hits="27" branch="false"/>
            <line number="32" hits="63" branch="false"/>
            <line number="33" hits="42" branch="false"/>
            <line number="39" hits="27" branch="false"/>
            <line number="41" hits="63" branch="false"/>
            <line number="42" hits="42" branch="false"/>
            <line number="45" hits="27" branch="false"/>
            <line number="60" hits="1685071" branch="false"/>
            <line number="65" hits="3370142" branch="false"/>
            <line number="66" hits="3370142" branch="false"/>
            <line number="67" hits="8425355" branch="false"/>
            <line number="69" hits="1685071" branch="false"/>
            <line number="71" hits="736" branch="false"/>
            <line number="73" hits="1684335" branch="false"/>
            <line number="74" hits="5053005" branch="false"/>
            <line number="75" hits="3368670" branch="false"/>
            <line number="76" hits="5053005" branch="false"/>
            <line number="77" hits="3368670" branch="false"/>
            <line number="78" hits="1684335" branch="false"/>
            <line number="96" hits="736938" branch="false"/>
            <line number="103" hits="1473876" branch="false"/>
            <line number="106" hits="736938" branch="false"/>
            <line number="107" hits="736938" branch="false"/>
            <line number="108" hits="736938" branch="false"/>
            <line number="109" hits="736938" branch="false"/>
            <line number="112" hits="736938" branch="false"/>
            <line number="114" hits="332353" branch="false"/>
            <line number="116" hits="404585" branch="false"/>
            <line number="133" hits="948127" branch="false"/>
            <line number="140" hits="1896254" branch="false"/>
            <line number="141" hits="1896254" branch="false"/>
            <line number="142" hits="5688762" branch="false"/>
            <line number="151" hits="948127" branch="false"/>
            <line number="153" hits="2" branch="false"/>
            <line number="157" hits="948125" branch="false"/>
            <line number="160" hits="146436" branch="false"/>
            <line number="162" hits="46083" branch="false"/>
            <line number="165" hits="100353" branch="false"/>
            <line number="168" hits="801689" branch="false"/>
            <line number="171" hits="127942" branch="false"/>
            <line number="173" hits="38711" branch="false"/>
            <line number="176" hits="89231" branch="false"/>
            <line number="178" hits="673747" branch="false"/>
            <line number="179" hits="673747" branch="false"/>
            <line number="181" hits="673747" branch="false"/>
            <line number="183" hits="673747" branch="false"/>
            <line number="185" hits="673747" branch="false"/>
            <line number="186" hits="673747" branch="false"/>
            <line number="189" hits="673747" branch="false"/>
            <line number="190" hits="445035" branch="false"/>
            <line number="193" hits="547354" branch="false"/>
            <line number="197" hits="126393" branch="false"/>
            <line number="199" hits="126393" branch="false"/>
            <line number="202" hits="0" branch="false"/>
            <line number="207" hits="126393" branch="false"/>
            <line number="208" hits="126393" branch="false"/>
            <line number="211" hits="126393" branch="false"/>
            <line number="224" hits="200948" branch="false"/>
            <line number="229" hits="200948" branch="false"/>
            <line number="243" hits="96" branch="false"/>
            <line number="249" hits="96" branch="false"/>
            <line number="250" hits="96" branch="false"/>
            <line number="262" hits="6" branch="false"/>
            <line number="267" hits="6" branch="false"/>
            <line number="269" hits="5" branch="false"/>
            <line number="271" hits="1" branch="false"/>
            <line number="275" hits="11203" branch="false"/>
            <line number="277" hits="11203" branch="false"/>
            <line number="278" hits="44778" branch="false"/>
            <line number="280" hits="33575" branch="false"/>
            <line number="283" hits="11203" branch="false"/>
            <line number="295" hits="29855" branch="false"/>
            <line number="299" hits="59710" branch="false"/>
            <line number="300" hits="29855" branch="false"/>
            <line number="303" hits="29855" branch="false"/>
            <line number="304" hits="29855" branch="false"/>
            <line number="305" hits="29855" branch="false"/>
            <line number="308" hits="29855" branch="false"/>
            <line number="311" hits="29855" branch="false"/>
            <line number="312" hits="29855" branch="false"/>
            <line number="313" hits="59710" branch="false"/>
            <line number="328" hits="11169" branch="false"/>
            <line number="331" hits="11169" branch="false"/>
            <line number="332" hits="22338" branch="false"/>
            <line number="333" hits="22338" branch="false"/>
            <line number="334" hits="11169" branch="false"/>
            <line number="335" hits="11169" branch="false"/>
            <line number="338" hits="11169" branch="false"/>
            <line number="340" hits="0" branch="false"/>
            <line number="342" hits="468862" branch="false"/>
            <line number="345" hits="457693" branch="false"/>
            <line number="347" hits="200944" branch="false"/>
            <line number="350" hits="602832" branch="false"/>
            <line number="351" hits="803776" branch="false"/>
            <line number="352" hits="401888" branch="false"/>
            <line number="354" hits="401888" branch="false"/>
            <line number="356" hits="401888" branch="false"/>
            <line number="358" hits="803776" branch="false"/>
            <line number="362" hits="122841" branch="false"/>
            <line number="363" hits="81894" branch="false"/>
            <line number="366" hits="29778" branch="false"/>
            <line number="368" hits="89334" branch="false"/>
            <line number="369" hits="59556" branch="false"/>
            <line number="370" hits="89334" branch="false"/>
            <line number="372" hits="29778" branch="false"/>
            <line number="375" hits="11169" branch="false"/>
            <line number="390" hits="34" branch="false"/>
            <line number="393" hits="68" branch="false"/>
            <line number="394" hits="102" branch="false"/>
            <line number="395" hits="68" branch="false"/>
            <line number="396" hits="68" branch="false"/>
            <line number="397" hits="34" branch="false"/>
            <line number="398" hits="34" branch="false"/>
            <line number="399" hits="68" branch="false"/>
            <line number="402" hits="34" branch="false"/>
            <line number="404" hits="2" branch="false"/>
            <line number="406" hits="96" branch="false"/>
            <line number="408" hits="158" branch="false"/>
            <line number="411" hits="94" branch="false"/>
            <line number="414" hits="84" branch="false"/>
            <line number="417" hits="252" branch="false"/>
            <line number="418" hits="420" branch="false"/>
            <line number="419" hits="168" branch="false"/>
            <line number="420" hits="168" branch="false"/>
            <line number="421" hits="168" branch="false"/>
            <line number="422" hits="168" branch="false"/>
            <line number="423" hits="336" branch="false"/>
            <line number="425" hits="168" branch="false"/>
            <line number="426" hits="252" branch="false"/>
            <line number="427" hits="168" branch="false"/>
            <line number="428" hits="168" branch="false"/>
            <line number="429" hits="168" branch="false"/>
            <line number="430" hits="168" branch="false"/>
            <line number="431" hits="336" branch="false"/>
            <line number="434" hits="396" branch="false"/>
            <line number="435" hits="264" branch="false"/>
            <line number="438" hits="68" branch="false"/>
            <line number="440" hits="204" branch="false"/>
            <line number="441" hits="68" branch="false"/>
            <line number="442" hits="136" branch="false"/>
            <line number="444" hits="68" branch="false"/>
            <line number="447" hits="68" branch="false"/>
            <line number="448" hits="68" branch="false"/>
            <line number="452" hits="32" branch="false"/>
            <line number="471" hits="2" branch="false"/>
            <line number="479" hits="4" branch="false"/>
            <line number="480" hits="6" branch="false"/>
            <line number="481" hits="4" branch="false"/>
            <line number="482" hits="8" branch="false"/>
            <line number="485" hits="6" branch="false"/>
            <line number="488" hits="2" branch="false"/>
            <line number="489" hits="4" branch="false"/>
            <line number="491" hits="2" branch="false"/>
            <line number="492" hits="2" branch="false"/>
            <line number="495" hits="4" branch="false"/>
            <line number="496" hits="2" branch="false"/>
            <line number="498" hits="2" branch="false"/>
            <line number="499" hits="2" branch="false"/>
            <line number="502" hits="2" branch="false"/>
            <line number="503" hits="2" branch="false"/>
            <line number="505" hits="4" branch="false"/>
            <line number="516" hits="5" branch="false"/>
            <line number="520" hits="5" branch="false"/>
            <line number="521" hits="5" branch="false"/>
            <line number="522" hits="5" branch="false"/>
            <line number="523" hits="5" branch="false"/>
            <line number="524" hits="5" branch="false"/>
            <line number="526" hits="5" branch="false"/>
            <line number="528" hits="5" branch="false"/>
            <line number="529" hits="9" branch="false"/>
          </lines>
        </class>
      </classes>
    </package>
  </packages>
</coverage>
