<?xml version="1.0" encoding="utf-8"?>
<testsuites>
 <testsuite hostname="palerme" name="landscape unit tests" timestamp="2017-07-12 17:35:41">
  <testcase classname="landscape_unit_tests" name="test_gen_land_nom" time="0.14"/>
  <testcase classname="landscape_unit_tests" name="test_gen_land_min" time="0.01"/>
  <testcase classname="landscape_unit_tests" name="test_gen_land_omin" time="0.0"/>
  <testcase classname="landscape_unit_tests" name="test_gen_land_neg" time="0.0"/>
  <testcase classname="landscape_unit_tests" name="test_gen_land_float" time="0.0"/>
  <testcase classname="landscape_unit_tests" name="test_extract_line_nominal" time="3.4"/>
  <testcase classname="landscape_unit_tests" name="test_affect_polygons_type_nom" time="0.15"/>
  <testcase classname="landscape_unit_tests" name="test_affect_polygons_type_more_poly" time="0.16"/>
  <testcase classname="landscape_unit_tests" name="test_affect_polygons_type_neg" time="0.16"/>
  <testcase classname="landscape_unit_tests" name="(unnamed)" time="2.45"/>
  <testcase classname="landscape_unit_tests" name="test_affect_lines_type_nom" time="0.06">
   <failure message="1 not equal to length(is_type)." type="failure">1 not equal to length(is_type).
1/1 mismatches
[1] 1 - 2 == -1
all type not used 1/2</failure>
   
    
   <failure message="`is_type` isn't true." type="failure">`is_type` isn't true.
all type not used 2/2</failure>
   
    
  </testcase>
  <testcase classname="landscape_unit_tests" name="test_affect_lines_type_more_line" time="0.05"/>
  <testcase classname="landscape_unit_tests" name="test_affect_lines_type_neg" time="0.07">
   <failure message="1 not equal to length(is_type)." type="failure">1 not equal to length(is_type).
1/1 mismatches
[1] 1 - 2 == -1
all type not used 1/2</failure>
   
    
   <failure message="`is_type` isn't true." type="failure">`is_type` isn't true.
all type not used 2/2</failure>
   
    
  </testcase>
  <testcase classname="landscape_unit_tests" name="test_get_neighbours_nom" time="2.15"/>
  <testcase classname="landscape_unit_tests" name="test_get_neighbours_min" time="1.12"/>
  <testcase classname="landscape_unit_tests" name="test_get_neighbours_hi" time="12.76"/>
  <testcase classname="landscape_unit_tests" name="test_commun_coords_nom" time="0.15"/>
  <testcase classname="landscape_unit_tests" name="test_commun_coords_no" time="0.15"/>
  <testcase classname="landscape_unit_tests" name="test_more_two" time="0.14"/>
  <testcase classname="landscape_unit_tests" name="test_one_point" time="0.13"/>
 </testsuite>
</testsuites>
