<?xml version="1.0" encoding="utf-8"?>
<testsuites>
 <testsuite hostname="palerme" name="landscape unit tests" timestamp="2017-06-29 10:38:12">
  <testcase classname="landscape_unit_tests" name="test_gen_land_nom" time="21.52"/>
  <testcase classname="landscape_unit_tests" name="test_gen_land_min" time="56.81"/>
  <testcase classname="landscape_unit_tests" name="test_gen_land_omin" time="88.56"/>
  <testcase classname="landscape_unit_tests" name="test_gen_land_neg" time="125.45"/>
  <testcase classname="landscape_unit_tests" name="test_gen_land_float" time="98.58"/>
  <testcase classname="landscape_unit_tests" name="test_extract_line_nominal" time="308.52"/>
  <testcase classname="landscape_unit_tests" name="test_affect_type_nom" time="168.22">
   <error message="impossible de trouver la fonction &quot;affect_type&quot;" type="error">impossible de trouver la fonction &quot;affect_type&quot;
1: .handleSimpleError(function (e) 
   {
       handled &lt;&lt;- TRUE
       test_error &lt;&lt;- e
       options(expressions = expressions_opt_new)
       on.exit(options(expressions = expressions_opt), add = TRUE)
       e$expectation_calls &lt;- frame_calls(11, 2)
       test_error &lt;&lt;- e
       register_expectation(e)
       e$handled &lt;- TRUE
       test_error &lt;&lt;- e
   }, &quot;impossible de trouver la fonction \&quot;affect_type\&quot;&quot;, quote(affect_type(land, 10))) at /home/palerme/Documents/EDS/cervideds/tests/testthat/test_landscape.R:151
2: eval(code, test_env)</error>
   
    
  </testcase>
  <testcase classname="landscape_unit_tests" name="test_affect_type_more_poly" time="243.22">
   <error message="impossible de trouver la fonction &quot;affect_type&quot;" type="error">impossible de trouver la fonction &quot;affect_type&quot;
1: .handleSimpleError(function (e) 
   {
       handled &lt;&lt;- TRUE
       test_error &lt;&lt;- e
       options(expressions = expressions_opt_new)
       on.exit(options(expressions = expressions_opt), add = TRUE)
       e$expectation_calls &lt;- frame_calls(11, 2)
       test_error &lt;&lt;- e
       register_expectation(e)
       e$handled &lt;- TRUE
       test_error &lt;&lt;- e
   }, &quot;impossible de trouver la fonction \&quot;affect_type\&quot;&quot;, quote(affect_type(land, 150))) at /home/palerme/Documents/EDS/cervideds/tests/testthat/test_landscape.R:158
2: eval(code, test_env)</error>
   
    
  </testcase>
  <testcase classname="landscape_unit_tests" name="test_affect_type_neg" time="232.0">
   <error message="impossible de trouver la fonction &quot;affect_type&quot;" type="error">impossible de trouver la fonction &quot;affect_type&quot;
1: .handleSimpleError(function (e) 
   {
       handled &lt;&lt;- TRUE
       test_error &lt;&lt;- e
       options(expressions = expressions_opt_new)
       on.exit(options(expressions = expressions_opt), add = TRUE)
       e$expectation_calls &lt;- frame_calls(11, 2)
       test_error &lt;&lt;- e
       register_expectation(e)
       e$handled &lt;- TRUE
       test_error &lt;&lt;- e
   }, &quot;impossible de trouver la fonction \&quot;affect_type\&quot;&quot;, quote(affect_type(land, -25))) at /home/palerme/Documents/EDS/cervideds/tests/testthat/test_landscape.R:165
2: eval(code, test_env)</error>
   
    
  </testcase>
  <testcase classname="landscape_unit_tests" name="test_get_neighbours_nom" time="434.25"/>
  <testcase classname="landscape_unit_tests" name="test_get_neighbours_min" time="395.48"/>
  <testcase classname="landscape_unit_tests" name="test_get_neighbours_hi" time="252.28"/>
  <testcase classname="landscape_unit_tests" name="test_commun_coords_nom" time="443.85"/>
  <testcase classname="landscape_unit_tests" name="test_commun_coords_no" time="506.0"/>
  <testcase classname="landscape_unit_tests" name="test_more_two" time="1.56"/>
  <testcase classname="landscape_unit_tests" name="test_one_point" time="1.72"/>
 </testsuite>
</testsuites>
