<?xml version="1.0" encoding="utf-8"?>
<testsuites>
 <testsuite hostname="palerme" name="simulation unit tests" timestamp="2018-02-23 11:30:23">
  <testcase classname="simulation_unit_tests" name="test_border_effect_center" time="0.01"/>
  <testcase classname="simulation_unit_tests" name="test_border_effect_centerleft" time="0.0"/>
  <testcase classname="simulation_unit_tests" name="test_border_effect_cl_compare" time="0.0"/>
  <testcase classname="simulation_unit_tests" name="test_border_effect_center_right" time="0.0"/>
  <testcase classname="simulation_unit_tests" name="test_border_effect_cr_compare" time="0.0"/>
  <testcase classname="simulation_unit_tests" name="test_border_effect_centerup" time="0.0"/>
  <testcase classname="simulation_unit_tests" name="test_border_effect_cu_compare" time="0.0"/>
  <testcase classname="simulation_unit_tests" name="test_border_effect_centerdown" time="0.0"/>
  <testcase classname="simulation_unit_tests" name="test_border_effect_cd_compare" time="0.0"/>
  <testcase classname="simulation_unit_tests" name="test_border_effect_border_rigth" time="0.0"/>
  <testcase classname="simulation_unit_tests" name="test_border_effect_border_left" time="0.0"/>
  <testcase classname="simulation_unit_tests" name="test_border_effect_border_up" time="0.0"/>
  <testcase classname="simulation_unit_tests" name="test_border_effect_border_down" time="0.0"/>
  <testcase classname="simulation_unit_tests" name="test_border_effect_corner_down" time="0.0"/>
  <testcase classname="simulation_unit_tests" name="test_border_effect_corner_up" time="0.0"/>
  <testcase classname="simulation_unit_tests" name="test_border_effect_nominal" time="0.01"/>
  <testcase classname="simulation_unit_tests" name="test_distance2segment_down" time="0.01"/>
  <testcase classname="simulation_unit_tests" name="test_distance2segment_up" time="0.04"/>
  <testcase classname="simulation_unit_tests" name="test_distance2segment_point_extrem" time="0.08"/>
  <testcase classname="simulation_unit_tests" name="test_distance2segment_point" time="0.04"/>
  <testcase classname="simulation_unit_tests" name="test_distance2segment_vertical" time="0.06"/>
  <testcase classname="simulation_unit_tests" name="test_distance2segment_horizontal" time="0.08"/>
  <testcase classname="simulation_unit_tests" name="test_distance2segment_on_segment" time="0.03">
   <failure message="result[&quot;dist&quot;] not equal to 0. (@test_simulation_function.R#390)" type="failure">result[&quot;dist&quot;] not equal to 0.
names for target but not for current</failure>
   
    
   <failure message="result[&quot;dy&quot;] not equal to 0. (@test_simulation_function.R#391)" type="failure">result[&quot;dy&quot;] not equal to 0.
names for target but not for current</failure>
   
    
   <failure message="result[&quot;dx&quot;] not equal to 0. (@test_simulation_function.R#392)" type="failure">result[&quot;dx&quot;] not equal to 0.
names for target but not for current</failure>
   
    
  </testcase>
  <testcase classname="simulation_unit_tests" name="test_potential_func_nominal" time="0.04"/>
  <testcase classname="simulation_unit_tests" name="test_grad_potential_func_nominal" time="0.04"/>
  <testcase classname="simulation_unit_tests" name="test_grad_potential_func_dx0" time="0.02"/>
  <testcase classname="simulation_unit_tests" name="test_grad_potential_func_dy0" time="0.02"/>
  <testcase classname="simulation_unit_tests" name="test_grad_potential_func_nul" time="0.02"/>
  <testcase classname="simulation_unit_tests" name="test_grad_potential_func_beta_neg" time="0.02"/>
  <testcase classname="simulation_unit_tests" name="test_grad_potential_func_puis_neg" time="0.02"/>
  <testcase classname="simulation_unit_tests" name="test_alpha_func_nominal" time="0.01"/>
  <testcase classname="simulation_unit_tests" name="test_alpha_func_alpha_2_zero" time="0.01"/>
  <testcase classname="simulation_unit_tests" name="test_alpha_func_alpha_3_zero" time="0.01"/>
  <testcase classname="simulation_unit_tests" name="test_alpha_func_t_zero" time="0.01"/>
  <testcase classname="simulation_unit_tests" name="test_alpha_func_log_negative" time="0.02"/>
  <testcase classname="simulation_unit_tests" name="test_potential_effect_repulsive_nominal" time="0.02"/>
  <testcase classname="simulation_unit_tests" name="test_potential_effect_repulsive_abort" time="0.02"/>
  <testcase classname="simulation_unit_tests" name="test_potential_effect_repulsive_up" time="0.08"/>
  <testcase classname="simulation_unit_tests" name="test_potential_effect_repulsive_down" time="0.11"/>
  <testcase classname="simulation_unit_tests" name="test_potential_effect_repulsive_right" time="0.08"/>
  <testcase classname="simulation_unit_tests" name="test_potential_effect_repulsive_mix" time="0.08"/>
  <testcase classname="simulation_unit_tests" name="test_potential_effect_repulsive_no_element" time="0.04"/>
  <testcase classname="simulation_unit_tests" name="test_potential_effect_attractive_nominal" time="0.02"/>
  <testcase classname="simulation_unit_tests" name="test_potential_effect_attractive_abort" time="0.02"/>
  <testcase classname="simulation_unit_tests" name="test_potential_effect_attractive_down" time="0.08"/>
  <testcase classname="simulation_unit_tests" name="test_potential_effect_attractive_up" time="0.08"/>
  <testcase classname="simulation_unit_tests" name="test_potential_effect_attractive_left" time="0.1"/>
  <testcase classname="simulation_unit_tests" name="test_potential_effect_attractive_mix" time="0.08"/>
  <testcase classname="simulation_unit_tests" name="test_potential_effect_attractive_no_element" time="0.02"/>
  <testcase classname="simulation_unit_tests" name="test_potential_value_bad_size" time="0.19">
   <failure message="as.double(result[&quot;y&quot;]) not equal to 0. (@test_simulation_function.R#934)" type="failure">as.double(result[&quot;y&quot;]) not equal to 0.
1/1 mismatches
[1] -0.0127 - 0 == -0.0127</failure>
   
    
   <failure message="as.double(result[&quot;x&quot;]) not equal to 0. (@test_simulation_function.R#935)" type="failure">as.double(result[&quot;x&quot;]) not equal to 0.
1/1 mismatches
[1] -0.0255 - 0 == -0.0255</failure>
   
    
   <failure message="as.double(result[&quot;y&quot;]) not equal to 0. (@test_simulation_function.R#943)" type="failure">as.double(result[&quot;y&quot;]) not equal to 0.
1/1 mismatches
[1] 0.198 - 0 == 0.198</failure>
   
    
   <failure message="as.double(result[&quot;x&quot;]) not equal to 0. (@test_simulation_function.R#944)" type="failure">as.double(result[&quot;x&quot;]) not equal to 0.
1/1 mismatches
[1] 0.297 - 0 == 0.297</failure>
   
    
   <failure message="as.double(result[&quot;y&quot;]) not equal to 0. (@test_simulation_function.R#961)" type="failure">as.double(result[&quot;y&quot;]) not equal to 0.
1/1 mismatches
[1] 0.12 - 0 == 0.12</failure>
   
    
   <failure message="as.double(result[&quot;x&quot;]) not equal to 0. (@test_simulation_function.R#962)" type="failure">as.double(result[&quot;x&quot;]) not equal to 0.
1/1 mismatches
[1] 0.182 - 0 == 0.182</failure>
   
    
  </testcase>
  <testcase classname="simulation_unit_tests" name="test_all_effect_nominal" time="0.02"/>
  <testcase classname="simulation_unit_tests" name="test_diffusion_nominal" time="0.02"/>
  <testcase classname="simulation_unit_tests" name="test_potential_value_repulsive_nominal" time="0.03"/>
  <testcase classname="simulation_unit_tests" name="test_potential_value_attractive_nominal" time="0.03"/>
  <testcase classname="simulation_unit_tests" name="test_potential_value_nominal" time="0.03"/>
  <testcase classname="simulation_unit_tests" name="test_potential_value_bad_size" time="0.04">
   <failure message="`result` not equal to 0. (@test_simulation_function.R#1088)" type="failure">`result` not equal to 0.
1/1 mismatches
[1] -0.342 - 0 == -0.342</failure>
   
    
   <failure message="`result` not equal to 0. (@test_simulation_function.R#1104)" type="failure">`result` not equal to 0.
1/1 mismatches
[1] -0.377 - 0 == -0.377</failure>
   
    
  </testcase>
  <testcase classname="simulation_unit_tests" name="test_bound_nominal" time="0.03"/>
  <testcase classname="simulation_unit_tests" name="test_bound_negative" time="0.03"/>
  <testcase classname="simulation_unit_tests" name="test_bound_positive" time="0.04"/>
 </testsuite>
</testsuites>
